golan@cgr-lab-ptk-01  ~/cgrates_docker   IntegrationConfigs  ./update_version.sh 
Building CGRateS Developer Docker...
IMG="cgrates-devel:a8d5eed"
==> creating marker
echo "$(date +%FT%T%Z)" > marker
cat marker
2020-01-16T07:59:27IST
IMG="cgrates-devel:a8d5eed"
Sending build context to Docker daemon  180.2kB
Step 1/26 : FROM debian:latest
 ---> be2868bebaba
Step 2/26 : RUN echo 'mysql-community-server mysql-community-server/root-pass password CGRateS.org' | debconf-set-selections  && echo 'mysql-community-server mysql-community-server/re-root-pass password CGRateS.org' | debconf-set-selections  && echo 'mysql-apt-config mysql-apt-config/select-server select mysql-8.0' | debconf-set-selections  && echo 'mysql-apt-config mysql-apt-config/select-repo select mysql-8.0' | debconf-set-selections  && echo 'mysql-apt-config mysql-apt-config/select-product select Apply' | debconf-set-selections
 ---> Running in da099c29c120
Removing intermediate container da099c29c120
 ---> 4ffc0625e361
Step 3/26 : RUN apt-get -y update && apt-get -y install git vim rsyslog ngrep curl wget lsb-release gnupg dirmngr
 ---> Running in 8bd571cf12ef
Ign:1 http://deb.debian.org/debian stretch InRelease
Get:2 http://deb.debian.org/debian stretch-updates InRelease [91.0 kB]
Get:3 http://deb.debian.org/debian stretch Release [118 kB]
Get:5 http://deb.debian.org/debian stretch Release.gpg [2365 B]
Get:6 http://deb.debian.org/debian stretch-updates/main amd64 Packages [27.9 kB]
Get:4 http://security-cdn.debian.org/debian-security stretch/updates InRelease [94.3 kB]
Get:7 http://deb.debian.org/debian stretch/main amd64 Packages [7086 kB]
Get:8 http://security-cdn.debian.org/debian-security stretch/updates/main amd64 Packages [513 kB]
Fetched 7933 kB in 2s (2677 kB/s)
Reading package lists...
Reading package lists...
Building dependency tree...
Reading state information...
The following additional packages will be installed:
  bzip2 ca-certificates cron dh-python distro-info-data exim4 exim4-base
  exim4-config exim4-daemon-light file git-man gnupg-agent gnupg-l10n
  guile-2.0-libs krb5-locales less libassuan0 libbsd0 libcurl3 libcurl3-gnutls
  libedit2 liberror-perl libestr0 libexpat1 libfastjson4 libffi6 libfribidi0
  libgc1c2 libgdbm3 libgmp10 libgnutls30 libgpm2 libgsasl7 libgssapi-krb5-2
  libhogweed4 libidn2-0 libk5crypto3 libkeyutils1 libkrb5-3 libkrb5support0
  libksba8 libkyotocabinet16v5 libldap-2.4-2 libldap-common liblogging-stdlog0
  liblognorm5 libltdl7 liblzo2-2 libmagic-mgc libmagic1 libmailutils5
  libmariadbclient18 libmpdec2 libncurses5 libnet1 libnghttp2-14 libnpth0
  libntlm0 libp11-kit0 libpcap0.8 libperl5.24 libpopt0 libpsl5 libpython2.7
  libpython2.7-minimal libpython2.7-stdlib libpython3-stdlib
  libpython3.5-minimal libpython3.5-stdlib libreadline7 librtmp1 libsasl2-2
  libsasl2-modules libsasl2-modules-db libsqlite3-0 libssh2-1 libssl1.0.2
  libssl1.1 libtasn1-6 libunistring0 libwrap0 libx11-6 libx11-data libxau6
  libxcb1 libxdmcp6 libxext6 libxmuu1 logrotate mailutils mailutils-common
  mime-support mysql-common netbase openssh-client openssl patch perl
  perl-base perl-modules-5.24 pinentry-curses psmisc publicsuffix python3
  python3-minimal python3.5 python3.5-minimal readline-common rename rsync
  tcpd vim-common vim-runtime xauth xxd xz-utils
Suggested packages:
  bzip2-doc anacron checksecurity libdpkg-perl dbus-user-session
  libpam-systemd pinentry-gnome3 tor eximon4 exim4-doc-html | exim4-doc-info
  spf-tools-perl swaks gettext-base git-daemon-run | git-daemon-sysvinit
  git-doc git-el git-email git-gui gitk gitweb git-arch git-cvs git-mediawiki
  git-svn parcimonie xloadimage scdaemon gnutls-bin gpm krb5-doc krb5-user
  libsasl2-modules-gssapi-mit | libsasl2-modules-gssapi-heimdal
  libsasl2-modules-ldap libsasl2-modules-otp libsasl2-modules-sql lsb
  mailutils-mh mailutils-doc keychain libpam-ssh monkeysphere ssh-askpass ed
  diffutils-doc perl-doc libterm-readline-gnu-perl
  | libterm-readline-perl-perl make pinentry-doc python3-doc python3-tk
  python3-venv python3.5-venv python3.5-doc binutils binfmt-support
  readline-doc openssh-server rsyslog-mysql | rsyslog-pgsql rsyslog-mongodb
  rsyslog-doc rsyslog-gnutls rsyslog-gssapi rsyslog-relp ctags vim-doc
  vim-scripts
The following NEW packages will be installed:
  bzip2 ca-certificates cron curl dh-python dirmngr distro-info-data exim4
  exim4-base exim4-config exim4-daemon-light file git git-man gnupg
  gnupg-agent gnupg-l10n guile-2.0-libs krb5-locales less libassuan0 libbsd0
  libcurl3 libcurl3-gnutls libedit2 liberror-perl libestr0 libexpat1
  libfastjson4 libffi6 libfribidi0 libgc1c2 libgdbm3 libgmp10 libgnutls30
  libgpm2 libgsasl7 libgssapi-krb5-2 libhogweed4 libidn2-0 libk5crypto3
  libkeyutils1 libkrb5-3 libkrb5support0 libksba8 libkyotocabinet16v5
  libldap-2.4-2 libldap-common liblogging-stdlog0 liblognorm5 libltdl7
  liblzo2-2 libmagic-mgc libmagic1 libmailutils5 libmariadbclient18 libmpdec2
  libncurses5 libnet1 libnghttp2-14 libnpth0 libntlm0 libp11-kit0 libpcap0.8
  libperl5.24 libpopt0 libpsl5 libpython2.7 libpython2.7-minimal
  libpython2.7-stdlib libpython3-stdlib libpython3.5-minimal
  libpython3.5-stdlib libreadline7 librtmp1 libsasl2-2 libsasl2-modules
  libsasl2-modules-db libsqlite3-0 libssh2-1 libssl1.0.2 libssl1.1 libtasn1-6
  libunistring0 libwrap0 libx11-6 libx11-data libxau6 libxcb1 libxdmcp6
  libxext6 libxmuu1 logrotate lsb-release mailutils mailutils-common
  mime-support mysql-common netbase ngrep openssh-client openssl patch perl
  perl-modules-5.24 pinentry-curses psmisc publicsuffix python3
  python3-minimal python3.5 python3.5-minimal readline-common rename rsync
  rsyslog tcpd vim vim-common vim-runtime wget xauth xxd xz-utils
The following packages will be upgraded:
  perl-base
1 upgraded, 124 newly installed, 0 to remove and 15 not upgraded.
Need to get 54.9 MB of archives.
After this operation, 226 MB of additional disk space will be used.
Get:1 http://deb.debian.org/debian stretch/main amd64 perl-base amd64 5.24.1-3+deb9u5 [1345 kB]
Get:3 http://deb.debian.org/debian stretch/main amd64 cron amd64 3.0pl1-128+deb9u1 [95.4 kB]
Get:2 http://security-cdn.debian.org/debian-security stretch/updates/main amd64 libsasl2-modules-db amd64 2.1.27~101-g0780600+dfsg-3+deb9u1 [68.4 kB]
Get:4 http://deb.debian.org/debian stretch/main amd64 libestr0 amd64 0.1.10-2 [8450 B]
Get:5 http://deb.debian.org/debian stretch/main amd64 perl-modules-5.24 all 5.24.1-3+deb9u5 [2722 kB]
Get:6 http://security-cdn.debian.org/debian-security stretch/updates/main amd64 libsasl2-2 amd64 2.1.27~101-g0780600+dfsg-3+deb9u1 [105 kB]
Get:7 http://security-cdn.debian.org/debian-security stretch/updates/main amd64 libnghttp2-14 amd64 1.18.1-1+deb9u1 [79.2 kB]
Get:8 http://security-cdn.debian.org/debian-security stretch/updates/main amd64 libexpat1 amd64 2.2.0-2+deb9u3 [83.7 kB]
Get:9 http://security-cdn.debian.org/debian-security stretch/updates/main amd64 git-man all 1:2.11.0-3+deb9u5 [1433 kB]
Get:16 http://deb.debian.org/debian stretch/main amd64 libgdbm3 amd64 1.8.3-14 [30.0 kB]
Get:17 http://deb.debian.org/debian stretch/main amd64 libperl5.24 amd64 5.24.1-3+deb9u5 [3501 kB]
Get:10 http://security-cdn.debian.org/debian-security stretch/updates/main amd64 git amd64 1:2.11.0-3+deb9u5 [4161 kB]
Get:24 http://deb.debian.org/debian stretch/main amd64 perl amd64 5.24.1-3+deb9u5 [219 kB]
Get:25 http://deb.debian.org/debian stretch/main amd64 libgmp10 amd64 2:6.1.2+dfsg-1 [253 kB]
Get:26 http://deb.debian.org/debian stretch/main amd64 libhogweed4 amd64 3.3-1+b2 [136 kB]
Get:27 http://deb.debian.org/debian stretch/main amd64 libffi6 amd64 3.2.1-6 [20.4 kB]
Get:28 http://deb.debian.org/debian stretch/main amd64 libp11-kit0 amd64 0.23.3-2 [111 kB]
Get:29 http://deb.debian.org/debian stretch/main amd64 libtasn1-6 amd64 4.10-1.1+deb9u1 [50.6 kB]
Get:30 http://deb.debian.org/debian stretch/main amd64 libgnutls30 amd64 3.5.8-5+deb9u4 [896 kB]
Get:31 http://deb.debian.org/debian stretch/main amd64 libkeyutils1 amd64 1.5.9-9 [12.4 kB]
Get:32 http://deb.debian.org/debian stretch/main amd64 libkrb5support0 amd64 1.15-1+deb9u1 [61.9 kB]
Get:33 http://deb.debian.org/debian stretch/main amd64 libk5crypto3 amd64 1.15-1+deb9u1 [119 kB]
Get:34 http://deb.debian.org/debian stretch/main amd64 libkrb5-3 amd64 1.15-1+deb9u1 [311 kB]
Get:35 http://deb.debian.org/debian stretch/main amd64 libgssapi-krb5-2 amd64 1.15-1+deb9u1 [155 kB]
Get:36 http://deb.debian.org/debian stretch/main amd64 libunistring0 amd64 0.9.6+really0.9.3-0.1 [279 kB]
Get:37 http://deb.debian.org/debian stretch/main amd64 libidn2-0 amd64 0.16-1+deb9u1 [60.7 kB]
Get:38 http://deb.debian.org/debian stretch/main amd64 libldap-common all 2.4.44+dfsg-5+deb9u3 [85.7 kB]
Get:39 http://deb.debian.org/debian stretch/main amd64 libldap-2.4-2 amd64 2.4.44+dfsg-5+deb9u3 [220 kB]
Get:40 http://deb.debian.org/debian stretch/main amd64 libpsl5 amd64 0.17.0-3 [41.8 kB]
Get:41 http://deb.debian.org/debian stretch/main amd64 librtmp1 amd64 2.4+20151223.gitfa8646d.1-1+b1 [60.4 kB]
Get:42 http://deb.debian.org/debian stretch/main amd64 libssh2-1 amd64 1.7.0-1+deb9u1 [139 kB]
Get:43 http://deb.debian.org/debian stretch/main amd64 libcurl3-gnutls amd64 7.52.1-5+deb9u9 [290 kB]
Get:44 http://deb.debian.org/debian stretch/main amd64 liberror-perl all 0.17024-1 [26.9 kB]
Get:45 http://deb.debian.org/debian stretch/main amd64 libnet1 amd64 1.1.6+dfsg-3 [60.4 kB]
Get:46 http://deb.debian.org/debian stretch/main amd64 libxau6 amd64 1:1.0.8-1 [20.7 kB]
Get:47 http://deb.debian.org/debian stretch/main amd64 libpython3.5-minimal amd64 3.5.3-1+deb9u1 [573 kB]
Get:48 http://deb.debian.org/debian stretch/main amd64 python3.5-minimal amd64 3.5.3-1+deb9u1 [1691 kB]
Get:49 http://deb.debian.org/debian stretch/main amd64 python3-minimal amd64 3.5.3-1 [35.3 kB]
Get:50 http://deb.debian.org/debian stretch/main amd64 mime-support all 3.60 [36.7 kB]
Get:51 http://deb.debian.org/debian stretch/main amd64 libmpdec2 amd64 2.4.2-1 [85.2 kB]
Get:52 http://deb.debian.org/debian stretch/main amd64 readline-common all 7.0-3 [70.4 kB]
Get:53 http://deb.debian.org/debian stretch/main amd64 libreadline7 amd64 7.0-3 [151 kB]
Get:54 http://deb.debian.org/debian stretch/main amd64 libsqlite3-0 amd64 3.16.2-5+deb9u1 [572 kB]
Get:11 http://security-cdn.debian.org/debian-security stretch/updates/main amd64 libssl1.1 amd64 1.1.0l-1~deb9u1 [1358 kB]
Get:55 http://deb.debian.org/debian stretch/main amd64 libpython3.5-stdlib amd64 3.5.3-1+deb9u1 [2167 kB]
Get:12 http://security-cdn.debian.org/debian-security stretch/updates/main amd64 libssl1.0.2 amd64 1.0.2u-1~deb9u1 [1304 kB]
Get:56 http://deb.debian.org/debian stretch/main amd64 python3.5 amd64 3.5.3-1+deb9u1 [229 kB]
Get:57 http://deb.debian.org/debian stretch/main amd64 libpython3-stdlib amd64 3.5.3-1 [18.6 kB]
Get:58 http://deb.debian.org/debian stretch/main amd64 dh-python all 2.20170125 [86.8 kB]
Get:59 http://deb.debian.org/debian stretch/main amd64 python3 amd64 3.5.3-1 [21.6 kB]
Get:60 http://deb.debian.org/debian stretch/main amd64 libassuan0 amd64 2.4.3-2 [42.5 kB]
Get:61 http://deb.debian.org/debian stretch/main amd64 pinentry-curses amd64 1.0.0-2 [50.5 kB]
Get:62 http://deb.debian.org/debian stretch/main amd64 libnpth0 amd64 1.3-1 [14.6 kB]
Get:63 http://deb.debian.org/debian stretch/main amd64 gnupg-agent amd64 2.1.18-8~deb9u4 [554 kB]
Get:13 http://security-cdn.debian.org/debian-security stretch/updates/main amd64 exim4-config all 4.89-2+deb9u6 [377 kB]
Get:64 http://deb.debian.org/debian stretch/main amd64 libksba8 amd64 1.3.5-2 [99.7 kB]
Get:65 http://deb.debian.org/debian stretch/main amd64 gnupg amd64 2.1.18-8~deb9u4 [1128 kB]
Get:14 http://security-cdn.debian.org/debian-security stretch/updates/main amd64 exim4-base amd64 4.89-2+deb9u6 [1093 kB]
Get:66 http://deb.debian.org/debian stretch/main amd64 liblogging-stdlog0 amd64 1.0.5-2+b2 [12.6 kB]
Get:67 http://deb.debian.org/debian stretch/main amd64 libpopt0 amd64 1.16-10+b2 [49.4 kB]
Get:68 http://deb.debian.org/debian stretch/main amd64 logrotate amd64 3.11.0-0.1 [58.7 kB]
Get:69 http://deb.debian.org/debian stretch/main amd64 netbase all 5.4 [19.1 kB]
Get:70 http://deb.debian.org/debian stretch/main amd64 libfastjson4 amd64 0.99.4-1 [22.7 kB]
Get:71 http://deb.debian.org/debian stretch/main amd64 liblognorm5 amd64 2.0.1-1.1+b1 [57.7 kB]
Get:72 http://deb.debian.org/debian stretch/main amd64 rsyslog amd64 8.24.0-1 [553 kB]
Get:15 http://security-cdn.debian.org/debian-security stretch/updates/main amd64 exim4-daemon-light amd64 4.89-2+deb9u6 [542 kB]
Get:73 http://deb.debian.org/debian stretch/main amd64 xxd amd64 2:8.0.0197-4+deb9u3 [132 kB]
Get:74 http://deb.debian.org/debian stretch/main amd64 vim-common all 2:8.0.0197-4+deb9u3 [159 kB]
Get:75 http://deb.debian.org/debian stretch/main amd64 wget amd64 1.18-5+deb9u3 [800 kB]
Get:18 http://security-cdn.debian.org/debian-security stretch/updates/main amd64 exim4 all 4.89-2+deb9u6 [7862 B]
Get:19 http://security-cdn.debian.org/debian-security stretch/updates/main amd64 libmagic-mgc amd64 1:5.30-1+deb9u3 [222 kB]
Get:20 http://security-cdn.debian.org/debian-security stretch/updates/main amd64 libmagic1 amd64 1:5.30-1+deb9u3 [111 kB]
Get:21 http://security-cdn.debian.org/debian-security stretch/updates/main amd64 file amd64 1:5.30-1+deb9u3 [64.2 kB]
Get:76 http://deb.debian.org/debian stretch/main amd64 bzip2 amd64 1.0.6-8.1 [47.5 kB]
Get:22 http://security-cdn.debian.org/debian-security stretch/updates/main amd64 openssl amd64 1.1.0l-1~deb9u1 [749 kB]
Get:77 http://deb.debian.org/debian stretch/main amd64 krb5-locales all 1.15-1+deb9u1 [93.8 kB]
Get:78 http://deb.debian.org/debian stretch/main amd64 less amd64 481-2.1 [126 kB]
Get:79 http://deb.debian.org/debian stretch/main amd64 libbsd0 amd64 0.8.3-1 [83.0 kB]
Get:80 http://deb.debian.org/debian stretch/main amd64 libncurses5 amd64 6.0+20161126-1+deb9u2 [93.4 kB]
Get:81 http://deb.debian.org/debian stretch/main amd64 libedit2 amd64 3.1-20160903-3 [84.8 kB]
Get:82 http://deb.debian.org/debian stretch/main amd64 libgc1c2 amd64 1:7.4.2-8 [208 kB]
Get:83 http://deb.debian.org/debian stretch/main amd64 libgpm2 amd64 1.20.4-6.2+b1 [34.2 kB]
Get:84 http://deb.debian.org/debian stretch/main amd64 libwrap0 amd64 7.6.q-26 [58.2 kB]
Get:85 http://deb.debian.org/debian stretch/main amd64 openssh-client amd64 1:7.4p1-10+deb9u7 [780 kB]
Get:23 http://security-cdn.debian.org/debian-security stretch/updates/main amd64 libsasl2-modules amd64 2.1.27~101-g0780600+dfsg-3+deb9u1 [102 kB]
Get:86 http://deb.debian.org/debian stretch/main amd64 xz-utils amd64 5.2.2-1.2+b1 [266 kB]
Get:87 http://deb.debian.org/debian stretch/main amd64 ca-certificates all 20161130+nmu1+deb9u1 [182 kB]
Get:88 http://deb.debian.org/debian stretch/main amd64 libcurl3 amd64 7.52.1-5+deb9u9 [292 kB]
Get:89 http://deb.debian.org/debian stretch/main amd64 curl amd64 7.52.1-5+deb9u9 [227 kB]
Get:90 http://deb.debian.org/debian stretch/main amd64 dirmngr amd64 2.1.18-8~deb9u4 [597 kB]
Get:91 http://deb.debian.org/debian stretch/main amd64 distro-info-data all 0.36 [5810 B]
Get:92 http://deb.debian.org/debian stretch/main amd64 libltdl7 amd64 2.4.6-2 [389 kB]
Get:93 http://deb.debian.org/debian stretch/main amd64 guile-2.0-libs amd64 2.0.13+1-4 [2232 kB]
Get:94 http://deb.debian.org/debian stretch/main amd64 libfribidi0 amd64 0.19.7-1+deb9u1 [45.6 kB]
Get:95 http://deb.debian.org/debian stretch/main amd64 libntlm0 amd64 1.4-8 [20.9 kB]
Get:96 http://deb.debian.org/debian stretch/main amd64 libgsasl7 amd64 1.8.0-8+b2 [207 kB]
Get:97 http://deb.debian.org/debian stretch/main amd64 liblzo2-2 amd64 2.08-1.2+b2 [55.0 kB]
Get:98 http://deb.debian.org/debian stretch/main amd64 libkyotocabinet16v5 amd64 1.2.76-4.2+b1 [298 kB]
Get:99 http://deb.debian.org/debian stretch/main amd64 mailutils-common all 1:3.1.1-1 [642 kB]
Get:100 http://deb.debian.org/debian stretch/main amd64 mysql-common all 5.8+1.0.2 [5608 B]
Get:101 http://deb.debian.org/debian stretch/main amd64 libmariadbclient18 amd64 10.1.41-0+deb9u1 [782 kB]
Get:102 http://deb.debian.org/debian stretch/main amd64 libpython2.7-minimal amd64 2.7.13-2+deb9u3 [389 kB]
Get:103 http://deb.debian.org/debian stretch/main amd64 libpython2.7-stdlib amd64 2.7.13-2+deb9u3 [1897 kB]
Get:104 http://deb.debian.org/debian stretch/main amd64 libpython2.7 amd64 2.7.13-2+deb9u3 [1071 kB]
Get:105 http://deb.debian.org/debian stretch/main amd64 libmailutils5 amd64 1:3.1.1-1 [817 kB]
Get:106 http://deb.debian.org/debian stretch/main amd64 libpcap0.8 amd64 1.8.1-3 [138 kB]
Get:107 http://deb.debian.org/debian stretch/main amd64 libxdmcp6 amd64 1:1.1.2-3 [26.3 kB]
Get:108 http://deb.debian.org/debian stretch/main amd64 libxcb1 amd64 1.12-1 [133 kB]
Get:109 http://deb.debian.org/debian stretch/main amd64 libx11-data all 2:1.6.4-3+deb9u1 [287 kB]
Get:110 http://deb.debian.org/debian stretch/main amd64 libx11-6 amd64 2:1.6.4-3+deb9u1 [748 kB]
Get:111 http://deb.debian.org/debian stretch/main amd64 libxext6 amd64 2:1.3.3-1+b2 [52.5 kB]
Get:112 http://deb.debian.org/debian stretch/main amd64 libxmuu1 amd64 2:1.1.2-2 [23.5 kB]
Get:113 http://deb.debian.org/debian stretch/main amd64 lsb-release all 9.20161125 [27.1 kB]
Get:114 http://deb.debian.org/debian stretch/main amd64 mailutils amd64 1:3.1.1-1 [573 kB]
Get:115 http://deb.debian.org/debian stretch/main amd64 ngrep amd64 1.45.ds2-14 [31.5 kB]
Get:116 http://deb.debian.org/debian stretch/main amd64 patch amd64 2.7.5-1+deb9u2 [112 kB]
Get:117 http://deb.debian.org/debian stretch/main amd64 psmisc amd64 22.21-2.1+b2 [123 kB]
Get:118 http://deb.debian.org/debian stretch/main amd64 rename all 0.20-4 [12.5 kB]
Get:119 http://deb.debian.org/debian stretch/main amd64 rsync amd64 3.1.2-1+deb9u2 [393 kB]
Get:120 http://deb.debian.org/debian stretch/main amd64 tcpd amd64 7.6.q-26 [23.3 kB]
Get:121 http://deb.debian.org/debian stretch/main amd64 vim-runtime all 2:8.0.0197-4+deb9u3 [5409 kB]
Get:122 http://deb.debian.org/debian stretch/main amd64 vim amd64 2:8.0.0197-4+deb9u3 [1034 kB]
Get:123 http://deb.debian.org/debian stretch/main amd64 xauth amd64 1:1.0.9-1+b2 [39.6 kB]
Get:124 http://deb.debian.org/debian stretch/main amd64 gnupg-l10n all 2.1.18-8~deb9u4 [893 kB]
Get:125 http://deb.debian.org/debian stretch/main amd64 publicsuffix all 20190415.1030-0+deb9u1 [108 kB]
debconf: delaying package configuration, since apt-utils is not installed
Fetched 54.9 MB in 8s (6638 kB/s)
(Reading database ... 6498 files and directories currently installed.)
Preparing to unpack .../perl-base_5.24.1-3+deb9u5_amd64.deb ...
Unpacking perl-base (5.24.1-3+deb9u5) over (5.24.1-3+deb9u4) ...
Setting up perl-base (5.24.1-3+deb9u5) ...
Selecting previously unselected package cron.
(Reading database ... 6498 files and directories currently installed.)
Preparing to unpack .../00-cron_3.0pl1-128+deb9u1_amd64.deb ...
Unpacking cron (3.0pl1-128+deb9u1) ...
Selecting previously unselected package libestr0.
Preparing to unpack .../01-libestr0_0.1.10-2_amd64.deb ...
Unpacking libestr0 (0.1.10-2) ...
Selecting previously unselected package perl-modules-5.24.
Preparing to unpack .../02-perl-modules-5.24_5.24.1-3+deb9u5_all.deb ...
Unpacking perl-modules-5.24 (5.24.1-3+deb9u5) ...
Selecting previously unselected package libgdbm3:amd64.
Preparing to unpack .../03-libgdbm3_1.8.3-14_amd64.deb ...
Unpacking libgdbm3:amd64 (1.8.3-14) ...
Selecting previously unselected package libperl5.24:amd64.
Preparing to unpack .../04-libperl5.24_5.24.1-3+deb9u5_amd64.deb ...
Unpacking libperl5.24:amd64 (5.24.1-3+deb9u5) ...
Selecting previously unselected package perl.
Preparing to unpack .../05-perl_5.24.1-3+deb9u5_amd64.deb ...
Unpacking perl (5.24.1-3+deb9u5) ...
Selecting previously unselected package libgmp10:amd64.
Preparing to unpack .../06-libgmp10_2%3a6.1.2+dfsg-1_amd64.deb ...
Unpacking libgmp10:amd64 (2:6.1.2+dfsg-1) ...
Selecting previously unselected package libhogweed4:amd64.
Preparing to unpack .../07-libhogweed4_3.3-1+b2_amd64.deb ...
Unpacking libhogweed4:amd64 (3.3-1+b2) ...
Selecting previously unselected package libffi6:amd64.
Preparing to unpack .../08-libffi6_3.2.1-6_amd64.deb ...
Unpacking libffi6:amd64 (3.2.1-6) ...
Selecting previously unselected package libp11-kit0:amd64.
Preparing to unpack .../09-libp11-kit0_0.23.3-2_amd64.deb ...
Unpacking libp11-kit0:amd64 (0.23.3-2) ...
Selecting previously unselected package libtasn1-6:amd64.
Preparing to unpack .../10-libtasn1-6_4.10-1.1+deb9u1_amd64.deb ...
Unpacking libtasn1-6:amd64 (4.10-1.1+deb9u1) ...
Selecting previously unselected package libgnutls30:amd64.
Preparing to unpack .../11-libgnutls30_3.5.8-5+deb9u4_amd64.deb ...
Unpacking libgnutls30:amd64 (3.5.8-5+deb9u4) ...
Selecting previously unselected package libkeyutils1:amd64.
Preparing to unpack .../12-libkeyutils1_1.5.9-9_amd64.deb ...
Unpacking libkeyutils1:amd64 (1.5.9-9) ...
Selecting previously unselected package libkrb5support0:amd64.
Preparing to unpack .../13-libkrb5support0_1.15-1+deb9u1_amd64.deb ...
Unpacking libkrb5support0:amd64 (1.15-1+deb9u1) ...
Selecting previously unselected package libk5crypto3:amd64.
Preparing to unpack .../14-libk5crypto3_1.15-1+deb9u1_amd64.deb ...
Unpacking libk5crypto3:amd64 (1.15-1+deb9u1) ...
Selecting previously unselected package libkrb5-3:amd64.
Preparing to unpack .../15-libkrb5-3_1.15-1+deb9u1_amd64.deb ...
Unpacking libkrb5-3:amd64 (1.15-1+deb9u1) ...
Selecting previously unselected package libgssapi-krb5-2:amd64.
Preparing to unpack .../16-libgssapi-krb5-2_1.15-1+deb9u1_amd64.deb ...
Unpacking libgssapi-krb5-2:amd64 (1.15-1+deb9u1) ...
Selecting previously unselected package libunistring0:amd64.
Preparing to unpack .../17-libunistring0_0.9.6+really0.9.3-0.1_amd64.deb ...
Unpacking libunistring0:amd64 (0.9.6+really0.9.3-0.1) ...
Selecting previously unselected package libidn2-0:amd64.
Preparing to unpack .../18-libidn2-0_0.16-1+deb9u1_amd64.deb ...
Unpacking libidn2-0:amd64 (0.16-1+deb9u1) ...
Selecting previously unselected package libsasl2-modules-db:amd64.
Preparing to unpack .../19-libsasl2-modules-db_2.1.27~101-g0780600+dfsg-3+deb9u1_amd64.deb ...
Unpacking libsasl2-modules-db:amd64 (2.1.27~101-g0780600+dfsg-3+deb9u1) ...
Selecting previously unselected package libsasl2-2:amd64.
Preparing to unpack .../20-libsasl2-2_2.1.27~101-g0780600+dfsg-3+deb9u1_amd64.deb ...
Unpacking libsasl2-2:amd64 (2.1.27~101-g0780600+dfsg-3+deb9u1) ...
Selecting previously unselected package libldap-common.
Preparing to unpack .../21-libldap-common_2.4.44+dfsg-5+deb9u3_all.deb ...
Unpacking libldap-common (2.4.44+dfsg-5+deb9u3) ...
Selecting previously unselected package libldap-2.4-2:amd64.
Preparing to unpack .../22-libldap-2.4-2_2.4.44+dfsg-5+deb9u3_amd64.deb ...
Unpacking libldap-2.4-2:amd64 (2.4.44+dfsg-5+deb9u3) ...
Selecting previously unselected package libnghttp2-14:amd64.
Preparing to unpack .../23-libnghttp2-14_1.18.1-1+deb9u1_amd64.deb ...
Unpacking libnghttp2-14:amd64 (1.18.1-1+deb9u1) ...
Selecting previously unselected package libpsl5:amd64.
Preparing to unpack .../24-libpsl5_0.17.0-3_amd64.deb ...
Unpacking libpsl5:amd64 (0.17.0-3) ...
Selecting previously unselected package librtmp1:amd64.
Preparing to unpack .../25-librtmp1_2.4+20151223.gitfa8646d.1-1+b1_amd64.deb ...
Unpacking librtmp1:amd64 (2.4+20151223.gitfa8646d.1-1+b1) ...
Selecting previously unselected package libssh2-1:amd64.
Preparing to unpack .../26-libssh2-1_1.7.0-1+deb9u1_amd64.deb ...
Unpacking libssh2-1:amd64 (1.7.0-1+deb9u1) ...
Selecting previously unselected package libcurl3-gnutls:amd64.
Preparing to unpack .../27-libcurl3-gnutls_7.52.1-5+deb9u9_amd64.deb ...
Unpacking libcurl3-gnutls:amd64 (7.52.1-5+deb9u9) ...
Selecting previously unselected package libexpat1:amd64.
Preparing to unpack .../28-libexpat1_2.2.0-2+deb9u3_amd64.deb ...
Unpacking libexpat1:amd64 (2.2.0-2+deb9u3) ...
Selecting previously unselected package liberror-perl.
Preparing to unpack .../29-liberror-perl_0.17024-1_all.deb ...
Unpacking liberror-perl (0.17024-1) ...
Selecting previously unselected package git-man.
Preparing to unpack .../30-git-man_1%3a2.11.0-3+deb9u5_all.deb ...
Unpacking git-man (1:2.11.0-3+deb9u5) ...
Selecting previously unselected package git.
Preparing to unpack .../31-git_1%3a2.11.0-3+deb9u5_amd64.deb ...
Unpacking git (1:2.11.0-3+deb9u5) ...
Selecting previously unselected package libnet1:amd64.
Preparing to unpack .../32-libnet1_1.1.6+dfsg-3_amd64.deb ...
Unpacking libnet1:amd64 (1.1.6+dfsg-3) ...
Selecting previously unselected package libxau6:amd64.
Preparing to unpack .../33-libxau6_1%3a1.0.8-1_amd64.deb ...
Unpacking libxau6:amd64 (1:1.0.8-1) ...
Selecting previously unselected package libssl1.1:amd64.
Preparing to unpack .../34-libssl1.1_1.1.0l-1~deb9u1_amd64.deb ...
Unpacking libssl1.1:amd64 (1.1.0l-1~deb9u1) ...
Selecting previously unselected package libpython3.5-minimal:amd64.
Preparing to unpack .../35-libpython3.5-minimal_3.5.3-1+deb9u1_amd64.deb ...
Unpacking libpython3.5-minimal:amd64 (3.5.3-1+deb9u1) ...
Selecting previously unselected package python3.5-minimal.
Preparing to unpack .../36-python3.5-minimal_3.5.3-1+deb9u1_amd64.deb ...
Unpacking python3.5-minimal (3.5.3-1+deb9u1) ...
Selecting previously unselected package python3-minimal.
Preparing to unpack .../37-python3-minimal_3.5.3-1_amd64.deb ...
Unpacking python3-minimal (3.5.3-1) ...
Selecting previously unselected package mime-support.
Preparing to unpack .../38-mime-support_3.60_all.deb ...
Unpacking mime-support (3.60) ...
Selecting previously unselected package libmpdec2:amd64.
Preparing to unpack .../39-libmpdec2_2.4.2-1_amd64.deb ...
Unpacking libmpdec2:amd64 (2.4.2-1) ...
Selecting previously unselected package readline-common.
Preparing to unpack .../40-readline-common_7.0-3_all.deb ...
Unpacking readline-common (7.0-3) ...
Selecting previously unselected package libreadline7:amd64.
Preparing to unpack .../41-libreadline7_7.0-3_amd64.deb ...
Unpacking libreadline7:amd64 (7.0-3) ...
Selecting previously unselected package libsqlite3-0:amd64.
Preparing to unpack .../42-libsqlite3-0_3.16.2-5+deb9u1_amd64.deb ...
Unpacking libsqlite3-0:amd64 (3.16.2-5+deb9u1) ...
Selecting previously unselected package libpython3.5-stdlib:amd64.
Preparing to unpack .../43-libpython3.5-stdlib_3.5.3-1+deb9u1_amd64.deb ...
Unpacking libpython3.5-stdlib:amd64 (3.5.3-1+deb9u1) ...
Selecting previously unselected package python3.5.
Preparing to unpack .../44-python3.5_3.5.3-1+deb9u1_amd64.deb ...
Unpacking python3.5 (3.5.3-1+deb9u1) ...
Selecting previously unselected package libpython3-stdlib:amd64.
Preparing to unpack .../45-libpython3-stdlib_3.5.3-1_amd64.deb ...
Unpacking libpython3-stdlib:amd64 (3.5.3-1) ...
Selecting previously unselected package dh-python.
Preparing to unpack .../46-dh-python_2.20170125_all.deb ...
Unpacking dh-python (2.20170125) ...
Setting up libssl1.1:amd64 (1.1.0l-1~deb9u1) ...
debconf: unable to initialize frontend: Dialog
debconf: (TERM is not set, so the dialog frontend is not usable.)
debconf: falling back to frontend: Readline
Setting up libpython3.5-minimal:amd64 (3.5.3-1+deb9u1) ...
Setting up libexpat1:amd64 (2.2.0-2+deb9u3) ...
Setting up python3.5-minimal (3.5.3-1+deb9u1) ...
Setting up python3-minimal (3.5.3-1) ...
Selecting previously unselected package python3.
(Reading database ... 10442 files and directories currently installed.)
Preparing to unpack .../00-python3_3.5.3-1_amd64.deb ...
Unpacking python3 (3.5.3-1) ...
Selecting previously unselected package libassuan0:amd64.
Preparing to unpack .../01-libassuan0_2.4.3-2_amd64.deb ...
Unpacking libassuan0:amd64 (2.4.3-2) ...
Selecting previously unselected package pinentry-curses.
Preparing to unpack .../02-pinentry-curses_1.0.0-2_amd64.deb ...
Unpacking pinentry-curses (1.0.0-2) ...
Selecting previously unselected package libnpth0:amd64.
Preparing to unpack .../03-libnpth0_1.3-1_amd64.deb ...
Unpacking libnpth0:amd64 (1.3-1) ...
Selecting previously unselected package gnupg-agent.
Preparing to unpack .../04-gnupg-agent_2.1.18-8~deb9u4_amd64.deb ...
Unpacking gnupg-agent (2.1.18-8~deb9u4) ...
Selecting previously unselected package libksba8:amd64.
Preparing to unpack .../05-libksba8_1.3.5-2_amd64.deb ...
Unpacking libksba8:amd64 (1.3.5-2) ...
Selecting previously unselected package gnupg.
Preparing to unpack .../06-gnupg_2.1.18-8~deb9u4_amd64.deb ...
Unpacking gnupg (2.1.18-8~deb9u4) ...
Selecting previously unselected package liblogging-stdlog0:amd64.
Preparing to unpack .../07-liblogging-stdlog0_1.0.5-2+b2_amd64.deb ...
Unpacking liblogging-stdlog0:amd64 (1.0.5-2+b2) ...
Selecting previously unselected package libpopt0:amd64.
Preparing to unpack .../08-libpopt0_1.16-10+b2_amd64.deb ...
Unpacking libpopt0:amd64 (1.16-10+b2) ...
Selecting previously unselected package libssl1.0.2:amd64.
Preparing to unpack .../09-libssl1.0.2_1.0.2u-1~deb9u1_amd64.deb ...
Unpacking libssl1.0.2:amd64 (1.0.2u-1~deb9u1) ...
Selecting previously unselected package logrotate.
Preparing to unpack .../10-logrotate_3.11.0-0.1_amd64.deb ...
Unpacking logrotate (3.11.0-0.1) ...
Selecting previously unselected package netbase.
Preparing to unpack .../11-netbase_5.4_all.deb ...
Unpacking netbase (5.4) ...
Selecting previously unselected package libfastjson4:amd64.
Preparing to unpack .../12-libfastjson4_0.99.4-1_amd64.deb ...
Unpacking libfastjson4:amd64 (0.99.4-1) ...
Selecting previously unselected package liblognorm5:amd64.
Preparing to unpack .../13-liblognorm5_2.0.1-1.1+b1_amd64.deb ...
Unpacking liblognorm5:amd64 (2.0.1-1.1+b1) ...
Selecting previously unselected package rsyslog.
Preparing to unpack .../14-rsyslog_8.24.0-1_amd64.deb ...
Unpacking rsyslog (8.24.0-1) ...
Selecting previously unselected package xxd.
Preparing to unpack .../15-xxd_2%3a8.0.0197-4+deb9u3_amd64.deb ...
Unpacking xxd (2:8.0.0197-4+deb9u3) ...
Selecting previously unselected package vim-common.
Preparing to unpack .../16-vim-common_2%3a8.0.0197-4+deb9u3_all.deb ...
Unpacking vim-common (2:8.0.0197-4+deb9u3) ...
Selecting previously unselected package wget.
Preparing to unpack .../17-wget_1.18-5+deb9u3_amd64.deb ...
Unpacking wget (1.18-5+deb9u3) ...
Selecting previously unselected package bzip2.
Preparing to unpack .../18-bzip2_1.0.6-8.1_amd64.deb ...
Unpacking bzip2 (1.0.6-8.1) ...
Selecting previously unselected package exim4-config.
Preparing to unpack .../19-exim4-config_4.89-2+deb9u6_all.deb ...
Unpacking exim4-config (4.89-2+deb9u6) ...
Selecting previously unselected package exim4-base.
Preparing to unpack .../20-exim4-base_4.89-2+deb9u6_amd64.deb ...
Unpacking exim4-base (4.89-2+deb9u6) ...
Selecting previously unselected package exim4-daemon-light.
Preparing to unpack .../21-exim4-daemon-light_4.89-2+deb9u6_amd64.deb ...
Unpacking exim4-daemon-light (4.89-2+deb9u6) ...
Selecting previously unselected package exim4.
Preparing to unpack .../22-exim4_4.89-2+deb9u6_all.deb ...
Unpacking exim4 (4.89-2+deb9u6) ...
Selecting previously unselected package libmagic-mgc.
Preparing to unpack .../23-libmagic-mgc_1%3a5.30-1+deb9u3_amd64.deb ...
Unpacking libmagic-mgc (1:5.30-1+deb9u3) ...
Selecting previously unselected package libmagic1:amd64.
Preparing to unpack .../24-libmagic1_1%3a5.30-1+deb9u3_amd64.deb ...
Unpacking libmagic1:amd64 (1:5.30-1+deb9u3) ...
Selecting previously unselected package file.
Preparing to unpack .../25-file_1%3a5.30-1+deb9u3_amd64.deb ...
Unpacking file (1:5.30-1+deb9u3) ...
Selecting previously unselected package krb5-locales.
Preparing to unpack .../26-krb5-locales_1.15-1+deb9u1_all.deb ...
Unpacking krb5-locales (1.15-1+deb9u1) ...
Selecting previously unselected package less.
Preparing to unpack .../27-less_481-2.1_amd64.deb ...
Unpacking less (481-2.1) ...
Selecting previously unselected package libbsd0:amd64.
Preparing to unpack .../28-libbsd0_0.8.3-1_amd64.deb ...
Unpacking libbsd0:amd64 (0.8.3-1) ...
Selecting previously unselected package libncurses5:amd64.
Preparing to unpack .../29-libncurses5_6.0+20161126-1+deb9u2_amd64.deb ...
Unpacking libncurses5:amd64 (6.0+20161126-1+deb9u2) ...
Selecting previously unselected package libedit2:amd64.
Preparing to unpack .../30-libedit2_3.1-20160903-3_amd64.deb ...
Unpacking libedit2:amd64 (3.1-20160903-3) ...
Selecting previously unselected package libgc1c2:amd64.
Preparing to unpack .../31-libgc1c2_1%3a7.4.2-8_amd64.deb ...
Unpacking libgc1c2:amd64 (1:7.4.2-8) ...
Selecting previously unselected package libgpm2:amd64.
Preparing to unpack .../32-libgpm2_1.20.4-6.2+b1_amd64.deb ...
Unpacking libgpm2:amd64 (1.20.4-6.2+b1) ...
Selecting previously unselected package libwrap0:amd64.
Preparing to unpack .../33-libwrap0_7.6.q-26_amd64.deb ...
Unpacking libwrap0:amd64 (7.6.q-26) ...
Selecting previously unselected package openssh-client.
Preparing to unpack .../34-openssh-client_1%3a7.4p1-10+deb9u7_amd64.deb ...
Unpacking openssh-client (1:7.4p1-10+deb9u7) ...
Selecting previously unselected package xz-utils.
Preparing to unpack .../35-xz-utils_5.2.2-1.2+b1_amd64.deb ...
Unpacking xz-utils (5.2.2-1.2+b1) ...
Selecting previously unselected package openssl.
Preparing to unpack .../36-openssl_1.1.0l-1~deb9u1_amd64.deb ...
Unpacking openssl (1.1.0l-1~deb9u1) ...
Selecting previously unselected package ca-certificates.
Preparing to unpack .../37-ca-certificates_20161130+nmu1+deb9u1_all.deb ...
Unpacking ca-certificates (20161130+nmu1+deb9u1) ...
Selecting previously unselected package libcurl3:amd64.
Preparing to unpack .../38-libcurl3_7.52.1-5+deb9u9_amd64.deb ...
Unpacking libcurl3:amd64 (7.52.1-5+deb9u9) ...
Selecting previously unselected package curl.
Preparing to unpack .../39-curl_7.52.1-5+deb9u9_amd64.deb ...
Unpacking curl (7.52.1-5+deb9u9) ...
Selecting previously unselected package dirmngr.
Preparing to unpack .../40-dirmngr_2.1.18-8~deb9u4_amd64.deb ...
Unpacking dirmngr (2.1.18-8~deb9u4) ...
Selecting previously unselected package distro-info-data.
Preparing to unpack .../41-distro-info-data_0.36_all.deb ...
Unpacking distro-info-data (0.36) ...
Selecting previously unselected package libltdl7:amd64.
Preparing to unpack .../42-libltdl7_2.4.6-2_amd64.deb ...
Unpacking libltdl7:amd64 (2.4.6-2) ...
Selecting previously unselected package guile-2.0-libs:amd64.
Preparing to unpack .../43-guile-2.0-libs_2.0.13+1-4_amd64.deb ...
Unpacking guile-2.0-libs:amd64 (2.0.13+1-4) ...
Selecting previously unselected package libfribidi0:amd64.
Preparing to unpack .../44-libfribidi0_0.19.7-1+deb9u1_amd64.deb ...
Unpacking libfribidi0:amd64 (0.19.7-1+deb9u1) ...
Selecting previously unselected package libntlm0:amd64.
Preparing to unpack .../45-libntlm0_1.4-8_amd64.deb ...
Unpacking libntlm0:amd64 (1.4-8) ...
Selecting previously unselected package libgsasl7.
Preparing to unpack .../46-libgsasl7_1.8.0-8+b2_amd64.deb ...
Unpacking libgsasl7 (1.8.0-8+b2) ...
Selecting previously unselected package liblzo2-2:amd64.
Preparing to unpack .../47-liblzo2-2_2.08-1.2+b2_amd64.deb ...
Unpacking liblzo2-2:amd64 (2.08-1.2+b2) ...
Selecting previously unselected package libkyotocabinet16v5:amd64.
Preparing to unpack .../48-libkyotocabinet16v5_1.2.76-4.2+b1_amd64.deb ...
Unpacking libkyotocabinet16v5:amd64 (1.2.76-4.2+b1) ...
Selecting previously unselected package mailutils-common.
Preparing to unpack .../49-mailutils-common_1%3a3.1.1-1_all.deb ...
Unpacking mailutils-common (1:3.1.1-1) ...
Selecting previously unselected package mysql-common.
Preparing to unpack .../50-mysql-common_5.8+1.0.2_all.deb ...
Unpacking mysql-common (5.8+1.0.2) ...
Selecting previously unselected package libmariadbclient18:amd64.
Preparing to unpack .../51-libmariadbclient18_10.1.41-0+deb9u1_amd64.deb ...
Unpacking libmariadbclient18:amd64 (10.1.41-0+deb9u1) ...
Selecting previously unselected package libpython2.7-minimal:amd64.
Preparing to unpack .../52-libpython2.7-minimal_2.7.13-2+deb9u3_amd64.deb ...
Unpacking libpython2.7-minimal:amd64 (2.7.13-2+deb9u3) ...
Selecting previously unselected package libpython2.7-stdlib:amd64.
Preparing to unpack .../53-libpython2.7-stdlib_2.7.13-2+deb9u3_amd64.deb ...
Unpacking libpython2.7-stdlib:amd64 (2.7.13-2+deb9u3) ...
Selecting previously unselected package libpython2.7:amd64.
Preparing to unpack .../54-libpython2.7_2.7.13-2+deb9u3_amd64.deb ...
Unpacking libpython2.7:amd64 (2.7.13-2+deb9u3) ...
Selecting previously unselected package libmailutils5:amd64.
Preparing to unpack .../55-libmailutils5_1%3a3.1.1-1_amd64.deb ...
Unpacking libmailutils5:amd64 (1:3.1.1-1) ...
Selecting previously unselected package libpcap0.8:amd64.
Preparing to unpack .../56-libpcap0.8_1.8.1-3_amd64.deb ...
Unpacking libpcap0.8:amd64 (1.8.1-3) ...
Selecting previously unselected package libsasl2-modules:amd64.
Preparing to unpack .../57-libsasl2-modules_2.1.27~101-g0780600+dfsg-3+deb9u1_amd64.deb ...
Unpacking libsasl2-modules:amd64 (2.1.27~101-g0780600+dfsg-3+deb9u1) ...
Selecting previously unselected package libxdmcp6:amd64.
Preparing to unpack .../58-libxdmcp6_1%3a1.1.2-3_amd64.deb ...
Unpacking libxdmcp6:amd64 (1:1.1.2-3) ...
Selecting previously unselected package libxcb1:amd64.
Preparing to unpack .../59-libxcb1_1.12-1_amd64.deb ...
Unpacking libxcb1:amd64 (1.12-1) ...
Selecting previously unselected package libx11-data.
Preparing to unpack .../60-libx11-data_2%3a1.6.4-3+deb9u1_all.deb ...
Unpacking libx11-data (2:1.6.4-3+deb9u1) ...
Selecting previously unselected package libx11-6:amd64.
Preparing to unpack .../61-libx11-6_2%3a1.6.4-3+deb9u1_amd64.deb ...
Unpacking libx11-6:amd64 (2:1.6.4-3+deb9u1) ...
Selecting previously unselected package libxext6:amd64.
Preparing to unpack .../62-libxext6_2%3a1.3.3-1+b2_amd64.deb ...
Unpacking libxext6:amd64 (2:1.3.3-1+b2) ...
Selecting previously unselected package libxmuu1:amd64.
Preparing to unpack .../63-libxmuu1_2%3a1.1.2-2_amd64.deb ...
Unpacking libxmuu1:amd64 (2:1.1.2-2) ...
Selecting previously unselected package lsb-release.
Preparing to unpack .../64-lsb-release_9.20161125_all.deb ...
Unpacking lsb-release (9.20161125) ...
Selecting previously unselected package mailutils.
Preparing to unpack .../65-mailutils_1%3a3.1.1-1_amd64.deb ...
Unpacking mailutils (1:3.1.1-1) ...
Selecting previously unselected package ngrep.
Preparing to unpack .../66-ngrep_1.45.ds2-14_amd64.deb ...
Unpacking ngrep (1.45.ds2-14) ...
Selecting previously unselected package patch.
Preparing to unpack .../67-patch_2.7.5-1+deb9u2_amd64.deb ...
Unpacking patch (2.7.5-1+deb9u2) ...
Selecting previously unselected package psmisc.
Preparing to unpack .../68-psmisc_22.21-2.1+b2_amd64.deb ...
Unpacking psmisc (22.21-2.1+b2) ...
Selecting previously unselected package rename.
Preparing to unpack .../69-rename_0.20-4_all.deb ...
Unpacking rename (0.20-4) ...
Selecting previously unselected package rsync.
Preparing to unpack .../70-rsync_3.1.2-1+deb9u2_amd64.deb ...
Unpacking rsync (3.1.2-1+deb9u2) ...
Selecting previously unselected package tcpd.
Preparing to unpack .../71-tcpd_7.6.q-26_amd64.deb ...
Unpacking tcpd (7.6.q-26) ...
Selecting previously unselected package vim-runtime.
Preparing to unpack .../72-vim-runtime_2%3a8.0.0197-4+deb9u3_all.deb ...
Adding 'diversion of /usr/share/vim/vim80/doc/help.txt to /usr/share/vim/vim80/doc/help.txt.vim-tiny by vim-runtime'
Adding 'diversion of /usr/share/vim/vim80/doc/tags to /usr/share/vim/vim80/doc/tags.vim-tiny by vim-runtime'
Unpacking vim-runtime (2:8.0.0197-4+deb9u3) ...
Selecting previously unselected package vim.
Preparing to unpack .../73-vim_2%3a8.0.0197-4+deb9u3_amd64.deb ...
Unpacking vim (2:8.0.0197-4+deb9u3) ...
Selecting previously unselected package xauth.
Preparing to unpack .../74-xauth_1%3a1.0.9-1+b2_amd64.deb ...
Unpacking xauth (1:1.0.9-1+b2) ...
Selecting previously unselected package gnupg-l10n.
Preparing to unpack .../75-gnupg-l10n_2.1.18-8~deb9u4_all.deb ...
Unpacking gnupg-l10n (2.1.18-8~deb9u4) ...
Selecting previously unselected package publicsuffix.
Preparing to unpack .../76-publicsuffix_20190415.1030-0+deb9u1_all.deb ...
Unpacking publicsuffix (20190415.1030-0+deb9u1) ...
Setting up libnpth0:amd64 (1.3-1) ...
Setting up libncurses5:amd64 (6.0+20161126-1+deb9u2) ...
Setting up readline-common (7.0-3) ...
Setting up perl-modules-5.24 (5.24.1-3+deb9u5) ...
Setting up libgdbm3:amd64 (1.8.3-14) ...
Setting up libperl5.24:amd64 (5.24.1-3+deb9u5) ...
Setting up git-man (1:2.11.0-3+deb9u5) ...
Setting up libpopt0:amd64 (1.16-10+b2) ...
Setting up libestr0 (0.1.10-2) ...
Setting up less (481-2.1) ...
debconf: unable to initialize frontend: Dialog
debconf: (TERM is not set, so the dialog frontend is not usable.)
debconf: falling back to frontend: Readline
Setting up libnet1:amd64 (1.1.6+dfsg-3) ...
Setting up psmisc (22.21-2.1+b2) ...
Setting up libnghttp2-14:amd64 (1.18.1-1+deb9u1) ...
Setting up exim4-config (4.89-2+deb9u6) ...
debconf: unable to initialize frontend: Dialog
debconf: (TERM is not set, so the dialog frontend is not usable.)
debconf: falling back to frontend: Readline
Adding system-user for exim (v4)
Setting up mime-support (3.60) ...
Setting up xxd (2:8.0.0197-4+deb9u3) ...
Setting up libfastjson4:amd64 (0.99.4-1) ...
Setting up libgpm2:amd64 (1.20.4-6.2+b1) ...
Setting up libldap-common (2.4.44+dfsg-5+deb9u3) ...
Setting up libreadline7:amd64 (7.0-3) ...
Setting up mysql-common (5.8+1.0.2) ...
update-alternatives: using /etc/mysql/my.cnf.fallback to provide /etc/mysql/my.cnf (my.cnf) in auto mode
Setting up libsasl2-modules-db:amd64 (2.1.27~101-g0780600+dfsg-3+deb9u1) ...
Setting up liblogging-stdlog0:amd64 (1.0.5-2+b2) ...
Setting up libsasl2-2:amd64 (2.1.27~101-g0780600+dfsg-3+deb9u1) ...
Setting up libgc1c2:amd64 (1:7.4.2-8) ...
Setting up distro-info-data (0.36) ...
Setting up libksba8:amd64 (1.3.5-2) ...
Setting up libmariadbclient18:amd64 (10.1.41-0+deb9u1) ...
Setting up libbsd0:amd64 (0.8.3-1) ...
Setting up liblognorm5:amd64 (2.0.1-1.1+b1) ...
Setting up libtasn1-6:amd64 (4.10-1.1+deb9u1) ...
Setting up libmagic-mgc (1:5.30-1+deb9u3) ...
Setting up gnupg-l10n (2.1.18-8~deb9u4) ...
Setting up bzip2 (1.0.6-8.1) ...
Setting up libmagic1:amd64 (1:5.30-1+deb9u3) ...
Setting up rsync (3.1.2-1+deb9u2) ...
invoke-rc.d: could not determine current runlevel
invoke-rc.d: policy-rc.d denied execution of restart.
Setting up perl (5.24.1-3+deb9u5) ...
update-alternatives: using /usr/bin/prename to provide /usr/bin/rename (rename) in auto mode
Setting up libssl1.0.2:amd64 (1.0.2u-1~deb9u1) ...
debconf: unable to initialize frontend: Dialog
debconf: (TERM is not set, so the dialog frontend is not usable.)
debconf: falling back to frontend: Readline
Setting up libntlm0:amd64 (1.4-8) ...
Setting up libgmp10:amd64 (2:6.1.2+dfsg-1) ...
Setting up libssh2-1:amd64 (1.7.0-1+deb9u1) ...
Setting up patch (2.7.5-1+deb9u2) ...
Setting up krb5-locales (1.15-1+deb9u1) ...
Processing triggers for libc-bin (2.24-11+deb9u3) ...
Setting up publicsuffix (20190415.1030-0+deb9u1) ...
Setting up libunistring0:amd64 (0.9.6+really0.9.3-0.1) ...
Setting up xz-utils (5.2.2-1.2+b1) ...
update-alternatives: using /usr/bin/xz to provide /usr/bin/lzma (lzma) in auto mode
Setting up libltdl7:amd64 (2.4.6-2) ...
Setting up openssl (1.1.0l-1~deb9u1) ...
Setting up vim-common (2:8.0.0197-4+deb9u3) ...
Setting up libsqlite3-0:amd64 (3.16.2-5+deb9u1) ...
Setting up libfribidi0:amd64 (0.19.7-1+deb9u1) ...
Setting up vim-runtime (2:8.0.0197-4+deb9u3) ...
Setting up libffi6:amd64 (3.2.1-6) ...
Setting up libxdmcp6:amd64 (1:1.1.2-3) ...
Setting up libkeyutils1:amd64 (1.5.9-9) ...
Setting up libsasl2-modules:amd64 (2.1.27~101-g0780600+dfsg-3+deb9u1) ...
Setting up libpython2.7-minimal:amd64 (2.7.13-2+deb9u3) ...
Setting up ca-certificates (20161130+nmu1+deb9u1) ...
debconf: unable to initialize frontend: Dialog
debconf: (TERM is not set, so the dialog frontend is not usable.)
debconf: falling back to frontend: Readline
Updating certificates in /etc/ssl/certs...
151 added, 0 removed; done.
Setting up cron (3.0pl1-128+deb9u1) ...
Adding group `crontab' (GID 102) ...
Done.
update-rc.d: warning: start and stop actions are no longer supported; falling back to defaults
invoke-rc.d: could not determine current runlevel
invoke-rc.d: policy-rc.d denied execution of start.
Setting up libassuan0:amd64 (2.4.3-2) ...
Setting up logrotate (3.11.0-0.1) ...
Setting up libx11-data (2:1.6.4-3+deb9u1) ...
Setting up libpython2.7-stdlib:amd64 (2.7.13-2+deb9u3) ...
Setting up libxau6:amd64 (1:1.0.8-1) ...
Setting up libmpdec2:amd64 (2.4.2-1) ...
Setting up rsyslog (8.24.0-1) ...
invoke-rc.d: could not determine current runlevel
invoke-rc.d: policy-rc.d denied execution of start.
Setting up liblzo2-2:amd64 (2.08-1.2+b2) ...
Setting up libwrap0:amd64 (7.6.q-26) ...
Setting up mailutils-common (1:3.1.1-1) ...
Setting up libpcap0.8:amd64 (1.8.1-3) ...
Setting up netbase (5.4) ...
Setting up libedit2:amd64 (3.1-20160903-3) ...
Setting up libidn2-0:amd64 (0.16-1+deb9u1) ...
Setting up liberror-perl (0.17024-1) ...
Setting up rename (0.20-4) ...
update-alternatives: using /usr/bin/file-rename to provide /usr/bin/rename (rename) in auto mode
Setting up vim (2:8.0.0197-4+deb9u3) ...
update-alternatives: using /usr/bin/vim.basic to provide /usr/bin/vim (vim) in auto mode
update-alternatives: using /usr/bin/vim.basic to provide /usr/bin/vimdiff (vimdiff) in auto mode
update-alternatives: using /usr/bin/vim.basic to provide /usr/bin/rvim (rvim) in auto mode
update-alternatives: using /usr/bin/vim.basic to provide /usr/bin/rview (rview) in auto mode
update-alternatives: using /usr/bin/vim.basic to provide /usr/bin/vi (vi) in auto mode
update-alternatives: using /usr/bin/vim.basic to provide /usr/bin/view (view) in auto mode
update-alternatives: using /usr/bin/vim.basic to provide /usr/bin/ex (ex) in auto mode
update-alternatives: using /usr/bin/vim.basic to provide /usr/bin/editor (editor) in auto mode
Setting up libpsl5:amd64 (0.17.0-3) ...
Setting up libpython3.5-stdlib:amd64 (3.5.3-1+deb9u1) ...
Setting up ngrep (1.45.ds2-14) ...
Setting up exim4-base (4.89-2+deb9u6) ...
debconf: unable to initialize frontend: Dialog
debconf: (TERM is not set, so the dialog frontend is not usable.)
debconf: falling back to frontend: Readline
exim: DB upgrade, deleting hints-db
Setting up file (1:5.30-1+deb9u3) ...
Setting up tcpd (7.6.q-26) ...
Setting up libkrb5support0:amd64 (1.15-1+deb9u1) ...
Setting up libhogweed4:amd64 (3.3-1+b2) ...
Setting up guile-2.0-libs:amd64 (2.0.13+1-4) ...
Setting up libp11-kit0:amd64 (0.23.3-2) ...
Setting up libpython2.7:amd64 (2.7.13-2+deb9u3) ...
Setting up pinentry-curses (1.0.0-2) ...
Setting up gnupg-agent (2.1.18-8~deb9u4) ...
Setting up libkyotocabinet16v5:amd64 (1.2.76-4.2+b1) ...
Setting up libxcb1:amd64 (1.12-1) ...
Setting up python3.5 (3.5.3-1+deb9u1) ...
Setting up libpython3-stdlib:amd64 (3.5.3-1) ...
Setting up libk5crypto3:amd64 (1.15-1+deb9u1) ...
Setting up gnupg (2.1.18-8~deb9u4) ...
Setting up libgnutls30:amd64 (3.5.8-5+deb9u4) ...
Setting up libx11-6:amd64 (2:1.6.4-3+deb9u1) ...
Setting up librtmp1:amd64 (2.4+20151223.gitfa8646d.1-1+b1) ...
Setting up libxmuu1:amd64 (2:1.1.2-2) ...
Setting up libldap-2.4-2:amd64 (2.4.44+dfsg-5+deb9u3) ...
Setting up wget (1.18-5+deb9u3) ...
Setting up libkrb5-3:amd64 (1.15-1+deb9u1) ...
Setting up exim4-daemon-light (4.89-2+deb9u6) ...
debconf: unable to initialize frontend: Dialog
debconf: (TERM is not set, so the dialog frontend is not usable.)
debconf: falling back to frontend: Readline
invoke-rc.d: could not determine current runlevel
invoke-rc.d: policy-rc.d denied execution of start.
Initializing GnuTLS DH parameter file
Setting up dirmngr (2.1.18-8~deb9u4) ...
Setting up libxext6:amd64 (2:1.3.3-1+b2) ...
Setting up libgssapi-krb5-2:amd64 (1.15-1+deb9u1) ...
Setting up xauth (1:1.0.9-1+b2) ...
Setting up exim4 (4.89-2+deb9u6) ...
debconf: unable to initialize frontend: Dialog
debconf: (TERM is not set, so the dialog frontend is not usable.)
debconf: falling back to frontend: Readline
Setting up openssh-client (1:7.4p1-10+deb9u7) ...
Setting up libgsasl7 (1.8.0-8+b2) ...
Setting up libmailutils5:amd64 (1:3.1.1-1) ...
Setting up libcurl3:amd64 (7.52.1-5+deb9u9) ...
Setting up libcurl3-gnutls:amd64 (7.52.1-5+deb9u9) ...
Setting up mailutils (1:3.1.1-1) ...
update-alternatives: using /usr/bin/frm.mailutils to provide /usr/bin/frm (frm) in auto mode
update-alternatives: using /usr/bin/from.mailutils to provide /usr/bin/from (from) in auto mode
update-alternatives: using /usr/bin/messages.mailutils to provide /usr/bin/messages (messages) in auto mode
update-alternatives: using /usr/bin/movemail.mailutils to provide /usr/bin/movemail (movemail) in auto mode
update-alternatives: using /usr/bin/readmsg.mailutils to provide /usr/bin/readmsg (readmsg) in auto mode
update-alternatives: using /usr/bin/dotlock.mailutils to provide /usr/bin/dotlock (dotlock) in auto mode
update-alternatives: using /usr/bin/mail.mailutils to provide /usr/bin/mailx (mailx) in auto mode
Setting up git (1:2.11.0-3+deb9u5) ...
Setting up curl (7.52.1-5+deb9u9) ...
Setting up dh-python (2.20170125) ...
Setting up python3 (3.5.3-1) ...
running python rtupdate hooks for python3.5...
running python post-rtupdate hooks for python3.5...
Setting up lsb-release (9.20161125) ...
Processing triggers for libc-bin (2.24-11+deb9u3) ...
Processing triggers for ca-certificates (20161130+nmu1+deb9u1) ...
Updating certificates in /etc/ssl/certs...
0 added, 0 removed; done.
Running hooks in /etc/ca-certificates/update.d...
done.
Removing intermediate container 8bd571cf12ef
 ---> a6c0b5021dfa
Step 4/26 : RUN apt-key adv --keyserver pool.sks-keyservers.net --recv-keys 5072E1F5
 ---> Running in 08f4ec14e049
Warning: apt-key output should not be parsed (stdout is not a terminal)
Executing: /tmp/apt-key-gpghome.rBZf4ZZlbU/gpg.1.sh --keyserver pool.sks-keyservers.net --recv-keys 5072E1F5
gpg: key 8C718D3B5072E1F5: 3 duplicate signatures removed
gpg: key 8C718D3B5072E1F5: 102 signatures not checked due to missing keys
gpg: key 8C718D3B5072E1F5: public key "MySQL Release Engineering <mysql-build@oss.oracle.com>" imported
gpg: Total number processed: 1
gpg:               imported: 1
Removing intermediate container 08f4ec14e049
 ---> 20519a1f4c07
Step 5/26 : RUN echo "deb http://repo.mysql.com/apt/debian $(lsb_release -sc) mysql-8.0" | tee /etc/apt/sources.list.d/mysql80.list && apt-get -y update
 ---> Running in d39bda32127d
deb http://repo.mysql.com/apt/debian stretch mysql-8.0
Get:1 http://repo.mysql.com/apt/debian stretch InRelease [21.6 kB]
Ign:2 http://deb.debian.org/debian stretch InRelease
Hit:3 http://security.debian.org/debian-security stretch/updates InRelease
Hit:4 http://deb.debian.org/debian stretch-updates InRelease
Hit:5 http://deb.debian.org/debian stretch Release
Get:6 http://repo.mysql.com/apt/debian stretch/mysql-8.0 amd64 Packages [7622 B]
Fetched 29.3 kB in 0s (48.5 kB/s)
Reading package lists...
Removing intermediate container d39bda32127d
 ---> 64a7e87acccb
Step 6/26 : RUN DEBIAN_FRONTEND=noninteractive apt-get -y install redis-server mysql-server python-pycurl python-mysqldb
 ---> Running in 70cd05f80bb5
Reading package lists...
Building dependency tree...
Reading state information...
The following additional packages will be installed:
  libaio1 libjemalloc1 libmecab2 libnuma1 libpython-stdlib mecab-ipadic
  mecab-ipadic-utf8 mecab-utils mysql-client mysql-common
  mysql-community-client mysql-community-client-core mysql-community-server
  mysql-community-server-core python python-minimal python2.7
  python2.7-minimal redis-tools
Suggested packages:
  python-doc python-tk python-egenix-mxdatetime python-mysqldb-dbg
  libcurl4-gnutls-dev python-pycurl-dbg python-pycurl-doc python2.7-doc
  binutils binfmt-support ruby-redis
The following NEW packages will be installed:
  libaio1 libjemalloc1 libmecab2 libnuma1 libpython-stdlib mecab-ipadic
  mecab-ipadic-utf8 mecab-utils mysql-client mysql-community-client
  mysql-community-client-core mysql-community-server
  mysql-community-server-core mysql-server python python-minimal
  python-mysqldb python-pycurl python2.7 python2.7-minimal redis-server
  redis-tools
The following packages will be upgraded:
  mysql-common
1 upgraded, 22 newly installed, 0 to remove and 15 not upgraded.
Need to get 38.3 MB of archives.
After this operation, 263 MB of additional disk space will be used.
Get:1 http://repo.mysql.com/apt/debian stretch/mysql-8.0 amd64 mysql-common amd64 8.0.19-1debian9 [94.6 kB]
Get:2 http://deb.debian.org/debian stretch/main amd64 python2.7-minimal amd64 2.7.13-2+deb9u3 [1382 kB]
Get:3 http://repo.mysql.com/apt/debian stretch/mysql-8.0 amd64 mysql-community-client-core amd64 8.0.19-1debian9 [1675 kB]
Get:4 http://repo.mysql.com/apt/debian stretch/mysql-8.0 amd64 mysql-community-client amd64 8.0.19-1debian9 [2823 kB]
Get:5 http://repo.mysql.com/apt/debian stretch/mysql-8.0 amd64 mysql-client amd64 8.0.19-1debian9 [91.0 kB]
Get:6 http://repo.mysql.com/apt/debian stretch/mysql-8.0 amd64 mysql-community-server-core amd64 8.0.19-1debian9 [18.0 MB]
Get:7 http://repo.mysql.com/apt/debian stretch/mysql-8.0 amd64 mysql-community-server amd64 8.0.19-1debian9 [102 kB]
Get:8 http://repo.mysql.com/apt/debian stretch/mysql-8.0 amd64 mysql-server amd64 8.0.19-1debian9 [91.0 kB]
Get:9 http://deb.debian.org/debian stretch/main amd64 python-minimal amd64 2.7.13-2 [40.5 kB]
Get:10 http://deb.debian.org/debian stretch/main amd64 python2.7 amd64 2.7.13-2+deb9u3 [285 kB]
Get:11 http://deb.debian.org/debian stretch/main amd64 libpython-stdlib amd64 2.7.13-2 [20.0 kB]
Get:12 http://deb.debian.org/debian stretch/main amd64 python amd64 2.7.13-2 [154 kB]
Get:13 http://deb.debian.org/debian stretch/main amd64 libaio1 amd64 0.3.110-3 [9412 B]
Get:14 http://deb.debian.org/debian stretch/main amd64 libmecab2 amd64 0.996-3.1 [256 kB]
Get:15 http://deb.debian.org/debian stretch/main amd64 libnuma1 amd64 2.0.11-2.1 [33.3 kB]
Get:16 http://deb.debian.org/debian stretch/main amd64 mecab-utils amd64 0.996-3.1 [7364 B]
Get:17 http://deb.debian.org/debian stretch/main amd64 python-mysqldb amd64 1.3.7-1.1 [52.1 kB]
Get:18 http://deb.debian.org/debian stretch/main amd64 python-pycurl amd64 7.43.0-2 [61.6 kB]
Get:19 http://deb.debian.org/debian stretch/main amd64 libjemalloc1 amd64 3.6.0-9.1 [89.8 kB]
Get:20 http://deb.debian.org/debian stretch/main amd64 redis-tools amd64 3:3.2.6-3+deb9u3 [463 kB]
Get:21 http://deb.debian.org/debian stretch/main amd64 redis-server amd64 3:3.2.6-3+deb9u3 [413 kB]
Get:22 http://deb.debian.org/debian stretch/main amd64 mecab-ipadic all 2.7.0-20070801+main-1 [12.1 MB]
Get:23 http://deb.debian.org/debian stretch/main amd64 mecab-ipadic-utf8 all 2.7.0-20070801+main-1 [4262 B]
debconf: delaying package configuration, since apt-utils is not installed
Fetched 38.3 MB in 6s (6122 kB/s)
Selecting previously unselected package python2.7-minimal.
(Reading database ... 15466 files and directories currently installed.)
Preparing to unpack .../python2.7-minimal_2.7.13-2+deb9u3_amd64.deb ...
Unpacking python2.7-minimal (2.7.13-2+deb9u3) ...
Selecting previously unselected package python-minimal.
Preparing to unpack .../python-minimal_2.7.13-2_amd64.deb ...
Unpacking python-minimal (2.7.13-2) ...
Selecting previously unselected package python2.7.
Preparing to unpack .../python2.7_2.7.13-2+deb9u3_amd64.deb ...
Unpacking python2.7 (2.7.13-2+deb9u3) ...
Selecting previously unselected package libpython-stdlib:amd64.
Preparing to unpack .../libpython-stdlib_2.7.13-2_amd64.deb ...
Unpacking libpython-stdlib:amd64 (2.7.13-2) ...
Setting up python2.7-minimal (2.7.13-2+deb9u3) ...
Setting up python-minimal (2.7.13-2) ...
Selecting previously unselected package python.
(Reading database ... 15523 files and directories currently installed.)
Preparing to unpack .../00-python_2.7.13-2_amd64.deb ...
Unpacking python (2.7.13-2) ...
Preparing to unpack .../01-mysql-common_8.0.19-1debian9_amd64.deb ...
Unpacking mysql-common (8.0.19-1debian9) over (5.8+1.0.2) ...
Selecting previously unselected package mysql-community-client-core.
Preparing to unpack .../02-mysql-community-client-core_8.0.19-1debian9_amd64.deb ...
Unpacking mysql-community-client-core (8.0.19-1debian9) ...
Selecting previously unselected package mysql-community-client.
Preparing to unpack .../03-mysql-community-client_8.0.19-1debian9_amd64.deb ...
Unpacking mysql-community-client (8.0.19-1debian9) ...
Selecting previously unselected package mysql-client.
Preparing to unpack .../04-mysql-client_8.0.19-1debian9_amd64.deb ...
Unpacking mysql-client (8.0.19-1debian9) ...
Selecting previously unselected package libaio1:amd64.
Preparing to unpack .../05-libaio1_0.3.110-3_amd64.deb ...
Unpacking libaio1:amd64 (0.3.110-3) ...
Selecting previously unselected package libmecab2:amd64.
Preparing to unpack .../06-libmecab2_0.996-3.1_amd64.deb ...
Unpacking libmecab2:amd64 (0.996-3.1) ...
Selecting previously unselected package libnuma1:amd64.
Preparing to unpack .../07-libnuma1_2.0.11-2.1_amd64.deb ...
Unpacking libnuma1:amd64 (2.0.11-2.1) ...
Selecting previously unselected package mysql-community-server-core.
Preparing to unpack .../08-mysql-community-server-core_8.0.19-1debian9_amd64.deb ...
Unpacking mysql-community-server-core (8.0.19-1debian9) ...
Selecting previously unselected package mysql-community-server.
Preparing to unpack .../09-mysql-community-server_8.0.19-1debian9_amd64.deb ...
Unpacking mysql-community-server (8.0.19-1debian9) ...
Selecting previously unselected package mecab-utils.
Preparing to unpack .../10-mecab-utils_0.996-3.1_amd64.deb ...
Unpacking mecab-utils (0.996-3.1) ...
Selecting previously unselected package mysql-server.
Preparing to unpack .../11-mysql-server_8.0.19-1debian9_amd64.deb ...
Unpacking mysql-server (8.0.19-1debian9) ...
Selecting previously unselected package python-mysqldb.
Preparing to unpack .../12-python-mysqldb_1.3.7-1.1_amd64.deb ...
Unpacking python-mysqldb (1.3.7-1.1) ...
Selecting previously unselected package python-pycurl.
Preparing to unpack .../13-python-pycurl_7.43.0-2_amd64.deb ...
Unpacking python-pycurl (7.43.0-2) ...
Selecting previously unselected package libjemalloc1.
Preparing to unpack .../14-libjemalloc1_3.6.0-9.1_amd64.deb ...
Unpacking libjemalloc1 (3.6.0-9.1) ...
Selecting previously unselected package redis-tools.
Preparing to unpack .../15-redis-tools_3%3a3.2.6-3+deb9u3_amd64.deb ...
Unpacking redis-tools (3:3.2.6-3+deb9u3) ...
Selecting previously unselected package redis-server.
Preparing to unpack .../16-redis-server_3%3a3.2.6-3+deb9u3_amd64.deb ...
Unpacking redis-server (3:3.2.6-3+deb9u3) ...
Selecting previously unselected package mecab-ipadic.
Preparing to unpack .../17-mecab-ipadic_2.7.0-20070801+main-1_all.deb ...
Unpacking mecab-ipadic (2.7.0-20070801+main-1) ...
Selecting previously unselected package mecab-ipadic-utf8.
Preparing to unpack .../18-mecab-ipadic-utf8_2.7.0-20070801+main-1_all.deb ...
Unpacking mecab-ipadic-utf8 (2.7.0-20070801+main-1) ...
Processing triggers for mime-support (3.60) ...
Setting up libjemalloc1 (3.6.0-9.1) ...
Setting up libnuma1:amd64 (2.0.11-2.1) ...
Setting up mysql-common (8.0.19-1debian9) ...
Installing new version of config file /etc/mysql/conf.d/mysql.cnf ...
Installing new version of config file /etc/mysql/my.cnf.fallback ...
Setting up python2.7 (2.7.13-2+deb9u3) ...
Setting up libmecab2:amd64 (0.996-3.1) ...
Setting up mysql-community-client-core (8.0.19-1debian9) ...
Setting up libpython-stdlib:amd64 (2.7.13-2) ...
Processing triggers for libc-bin (2.24-11+deb9u3) ...
Setting up libaio1:amd64 (0.3.110-3) ...
Setting up mecab-utils (0.996-3.1) ...
Setting up python (2.7.13-2) ...
Setting up mysql-community-client (8.0.19-1debian9) ...
Setting up mecab-ipadic (2.7.0-20070801+main-1) ...
Compiling IPA dictionary for Mecab.  This takes long time...
reading /usr/share/mecab/dic/ipadic/unk.def ... 40
emitting double-array: 100% |###########################################| 
/usr/share/mecab/dic/ipadic/model.def is not found. skipped.
reading /usr/share/mecab/dic/ipadic/Adverb.csv ... 3032
reading /usr/share/mecab/dic/ipadic/Adnominal.csv ... 135
reading /usr/share/mecab/dic/ipadic/Interjection.csv ... 252
reading /usr/share/mecab/dic/ipadic/Suffix.csv ... 1393
reading /usr/share/mecab/dic/ipadic/Noun.adjv.csv ... 3328
reading /usr/share/mecab/dic/ipadic/Others.csv ... 2
reading /usr/share/mecab/dic/ipadic/Noun.number.csv ... 42
reading /usr/share/mecab/dic/ipadic/Verb.csv ... 130750
reading /usr/share/mecab/dic/ipadic/Postp-col.csv ... 91
reading /usr/share/mecab/dic/ipadic/Noun.verbal.csv ... 12146
reading /usr/share/mecab/dic/ipadic/Noun.demonst.csv ... 120
reading /usr/share/mecab/dic/ipadic/Prefix.csv ... 221
reading /usr/share/mecab/dic/ipadic/Symbol.csv ... 208
reading /usr/share/mecab/dic/ipadic/Postp.csv ... 146
reading /usr/share/mecab/dic/ipadic/Adj.csv ... 27210
reading /usr/share/mecab/dic/ipadic/Noun.others.csv ... 151
reading /usr/share/mecab/dic/ipadic/Noun.org.csv ... 16668
reading /usr/share/mecab/dic/ipadic/Auxil.csv ... 199
reading /usr/share/mecab/dic/ipadic/Noun.csv ... 60477
reading /usr/share/mecab/dic/ipadic/Noun.proper.csv ... 27327
reading /usr/share/mecab/dic/ipadic/Noun.adverbal.csv ... 795
reading /usr/share/mecab/dic/ipadic/Noun.place.csv ... 72999
reading /usr/share/mecab/dic/ipadic/Noun.name.csv ... 34202
reading /usr/share/mecab/dic/ipadic/Conjunction.csv ... 171
reading /usr/share/mecab/dic/ipadic/Filler.csv ... 19
reading /usr/share/mecab/dic/ipadic/Noun.nai.csv ... 42
emitting double-array: 100% |###########################################| 
reading /usr/share/mecab/dic/ipadic/matrix.def ... 1316x1316
emitting matrix      : 100% |###########################################| 

done!
update-alternatives: using /var/lib/mecab/dic/ipadic to provide /var/lib/mecab/dic/debian (mecab-dictionary) in auto mode
Setting up redis-tools (3:3.2.6-3+deb9u3) ...
Setting up mysql-client (8.0.19-1debian9) ...
Setting up python-pycurl (7.43.0-2) ...
Setting up mysql-community-server-core (8.0.19-1debian9) ...
Setting up python-mysqldb (1.3.7-1.1) ...
Setting up mecab-ipadic-utf8 (2.7.0-20070801+main-1) ...
Compiling IPA dictionary for Mecab.  This takes long time...
reading /usr/share/mecab/dic/ipadic/unk.def ... 40
emitting double-array: 100% |###########################################| 
/usr/share/mecab/dic/ipadic/model.def is not found. skipped.
reading /usr/share/mecab/dic/ipadic/Adverb.csv ... 3032
reading /usr/share/mecab/dic/ipadic/Adnominal.csv ... 135
reading /usr/share/mecab/dic/ipadic/Interjection.csv ... 252
reading /usr/share/mecab/dic/ipadic/Suffix.csv ... 1393
reading /usr/share/mecab/dic/ipadic/Noun.adjv.csv ... 3328
reading /usr/share/mecab/dic/ipadic/Others.csv ... 2
reading /usr/share/mecab/dic/ipadic/Noun.number.csv ... 42
reading /usr/share/mecab/dic/ipadic/Verb.csv ... 130750
reading /usr/share/mecab/dic/ipadic/Postp-col.csv ... 91
reading /usr/share/mecab/dic/ipadic/Noun.verbal.csv ... 12146
reading /usr/share/mecab/dic/ipadic/Noun.demonst.csv ... 120
reading /usr/share/mecab/dic/ipadic/Prefix.csv ... 221
reading /usr/share/mecab/dic/ipadic/Symbol.csv ... 208
reading /usr/share/mecab/dic/ipadic/Postp.csv ... 146
reading /usr/share/mecab/dic/ipadic/Adj.csv ... 27210
reading /usr/share/mecab/dic/ipadic/Noun.others.csv ... 151
reading /usr/share/mecab/dic/ipadic/Noun.org.csv ... 16668
reading /usr/share/mecab/dic/ipadic/Auxil.csv ... 199
reading /usr/share/mecab/dic/ipadic/Noun.csv ... 60477
reading /usr/share/mecab/dic/ipadic/Noun.proper.csv ... 27327
reading /usr/share/mecab/dic/ipadic/Noun.adverbal.csv ... 795
reading /usr/share/mecab/dic/ipadic/Noun.place.csv ... 72999
reading /usr/share/mecab/dic/ipadic/Noun.name.csv ... 34202
reading /usr/share/mecab/dic/ipadic/Conjunction.csv ... 171
reading /usr/share/mecab/dic/ipadic/Filler.csv ... 19
reading /usr/share/mecab/dic/ipadic/Noun.nai.csv ... 42
emitting double-array: 100% |###########################################| 
reading /usr/share/mecab/dic/ipadic/matrix.def ... 1316x1316
emitting matrix      : 100% |###########################################| 

done!
update-alternatives: using /var/lib/mecab/dic/ipadic-utf8 to provide /var/lib/mecab/dic/debian (mecab-dictionary) in auto mode
Setting up redis-server (3:3.2.6-3+deb9u3) ...
invoke-rc.d: could not determine current runlevel
invoke-rc.d: policy-rc.d denied execution of start.
Setting up mysql-community-server (8.0.19-1debian9) ...
update-alternatives: using /etc/mysql/mysql.cnf to provide /etc/mysql/my.cnf (my.cnf) in auto mode
Setting up mysql-server (8.0.19-1debian9) ...
Processing triggers for libc-bin (2.24-11+deb9u3) ...
Removing intermediate container 70cd05f80bb5
 ---> bd650cae543c
Step 7/26 : RUN useradd -c CGRateS -d /var/run/cgrates -s /bin/false -r cgrates
 ---> Running in 8f5d5df43880
Removing intermediate container 8f5d5df43880
 ---> 4ef5ad5188d2
Step 8/26 : RUN wget -qO- https://storage.googleapis.com/golang/go1.13.5.linux-amd64.tar.gz | tar xzf - -C /root/
 ---> Running in e33117674b5e
Removing intermediate container e33117674b5e
 ---> fd9064ff405d
Step 9/26 : RUN GOROOT=/root/go GOPATH=/root/code /root/go/bin/go get github.com/Masterminds/glide
 ---> Running in 69544b641424
Removing intermediate container 69544b641424
 ---> 55ad0f336b55
Step 10/26 : COPY marker /dev/null
 ---> d3782123702a
Step 11/26 : RUN mkdir -p /root/code/src/github.com/cgrates; cd /root/code/src/github.com/cgrates; git clone https://github.com/cgrates/cgrates.git
 ---> Running in 595b769277d1
Cloning into 'cgrates'...
Removing intermediate container 595b769277d1
 ---> 5a9d588817c6
Step 12/26 : RUN ln -s /root/code/src/github.com/cgrates/cgrates /root/cgr
 ---> Running in 750bde385702
Removing intermediate container 750bde385702
 ---> 1296e46b7ff5
Step 13/26 : RUN cd /root/cgr; GOROOT=/root/go GOPATH=/root/code PATH=$GOROOT/bin:$GOPATH/bin:$PATH ./build.sh
 ---> Running in d993a97fe282
Building CGRateS ...
go: downloading github.com/cgrates/rpcclient v0.0.0-20200107134035-188454eb71b3
go: downloading github.com/antchfx/xmlquery v1.0.1-0.20190615060324-ebb6e8b1d119
go: downloading github.com/nyaruka/phonenumbers v1.0.45
go: downloading github.com/cenkalti/rpc2 v0.0.0-20180727162946-9642ea02d0aa
go: downloading github.com/go-sql-driver/mysql v1.4.1
go: downloading github.com/aws/aws-sdk-go v1.23.18
go: downloading github.com/gorhill/cronexpr v0.0.0-20180427100037-88b0669f7d75
go: downloading golang.org/x/net v0.0.0-20190909003024-a7b16738d86b
go: downloading go.mongodb.org/mongo-driver v1.1.1
go: extracting github.com/cgrates/rpcclient v0.0.0-20200107134035-188454eb71b3
go: extracting github.com/antchfx/xmlquery v1.0.1-0.20190615060324-ebb6e8b1d119
go: extracting github.com/go-sql-driver/mysql v1.4.1
go: extracting github.com/cenkalti/rpc2 v0.0.0-20180727162946-9642ea02d0aa
go: downloading google.golang.org/api v0.10.0
go: extracting github.com/gorhill/cronexpr v0.0.0-20180427100037-88b0669f7d75
go: downloading github.com/mediocregopher/radix.v2 v0.0.0-20181115013041-b67df6e626f9
go: downloading github.com/jinzhu/gorm v1.9.10
go: extracting github.com/jinzhu/gorm v1.9.10
go: downloading github.com/jinzhu/inflection v1.0.0
go: extracting github.com/mediocregopher/radix.v2 v0.0.0-20181115013041-b67df6e626f9
go: downloading github.com/mitchellh/mapstructure v1.1.2
go: extracting github.com/jinzhu/inflection v1.0.0
go: downloading github.com/cgrates/fsock v0.0.0-20190623100231-317895b42f1a
go: extracting github.com/nyaruka/phonenumbers v1.0.45
go: extracting github.com/mitchellh/mapstructure v1.1.2
go: downloading github.com/creack/pty v1.1.7
go: extracting golang.org/x/net v0.0.0-20190909003024-a7b16738d86b
go: extracting github.com/cgrates/fsock v0.0.0-20190623100231-317895b42f1a
go: downloading github.com/cgrates/radigo v0.0.0-20200102144505-ef98592ff532
go: extracting github.com/creack/pty v1.1.7
go: extracting go.mongodb.org/mongo-driver v1.1.1
go: extracting github.com/cgrates/radigo v0.0.0-20200102144505-ef98592ff532
go: downloading github.com/cgrates/ltcache v0.0.0-20181016092649-92fb7fa77cca
go: extracting github.com/cgrates/ltcache v0.0.0-20181016092649-92fb7fa77cca
go: downloading github.com/antchfx/xpath v1.0.1-0.20190715042825-b6dbe470e102
go: downloading github.com/cgrates/kamevapi v0.0.0-20191001125829-7dbc3ad58817
go: downloading github.com/lib/pq v1.2.0
go: downloading github.com/miekg/dns v1.1.17
go: downloading github.com/fiorix/go-diameter v3.0.3-0.20190716165154-f4823472d0e0+incompatible
go: extracting github.com/antchfx/xpath v1.0.1-0.20190715042825-b6dbe470e102
go: extracting github.com/lib/pq v1.2.0
go: extracting github.com/cgrates/kamevapi v0.0.0-20191001125829-7dbc3ad58817
go: downloading github.com/segmentio/kafka-go v0.3.3
go: extracting github.com/miekg/dns v1.1.17
go: extracting github.com/fiorix/go-diameter v3.0.3-0.20190716165154-f4823472d0e0+incompatible
go: downloading github.com/golang/protobuf v1.3.2
go: downloading github.com/cgrates/aringo v0.0.0-20181115151919-f996da7890ea
go: downloading github.com/ishidawataru/sctp v0.0.0-20180918013207-6e2cb1366111
go: downloading github.com/cenkalti/hub v1.0.1-0.20160527103212-11382a9960d3
go: extracting github.com/segmentio/kafka-go v0.3.3
go: extracting github.com/golang/protobuf v1.3.2
go: extracting github.com/ishidawataru/sctp v0.0.0-20180918013207-6e2cb1366111
go: downloading golang.org/x/oauth2 v0.0.0-20190604053449-0f29369cfe45
go: extracting github.com/cgrates/aringo v0.0.0-20181115151919-f996da7890ea
go: downloading github.com/streadway/amqp v0.0.0-20190827072141-edfb9018d271
go: extracting github.com/cenkalti/hub v1.0.1-0.20160527103212-11382a9960d3
go: downloading golang.org/x/sys v0.0.0-20190904154756-749cb33beabd
go: extracting golang.org/x/oauth2 v0.0.0-20190604053449-0f29369cfe45
go: extracting github.com/streadway/amqp v0.0.0-20190827072141-edfb9018d271
go: downloading golang.org/x/text v0.3.2
go: downloading github.com/golang/snappy v0.0.1
go: extracting github.com/golang/snappy v0.0.1
go: extracting golang.org/x/sys v0.0.0-20190904154756-749cb33beabd
go: downloading golang.org/x/sync v0.0.0-20190423024810-112230192c58
go: extracting golang.org/x/sync v0.0.0-20190423024810-112230192c58
go: extracting golang.org/x/text v0.3.2
go: downloading github.com/ugorji/go v0.0.0-20171112025056-5a66da2e74af
go: downloading github.com/fsnotify/fsnotify v1.4.8-0.20190312181446-1485a34d5d57
go: downloading cloud.google.com/go v0.41.1-0.20190715155837-570ba224802b
go: extracting github.com/fsnotify/fsnotify v1.4.8-0.20190312181446-1485a34d5d57
go: downloading golang.org/x/crypto v0.0.0-20190829043050-9756ffdc2472
go: extracting github.com/ugorji/go v0.0.0-20171112025056-5a66da2e74af
go: downloading pack.ag/amqp v0.12.2
go: extracting golang.org/x/crypto v0.0.0-20190829043050-9756ffdc2472
go: extracting pack.ag/amqp v0.12.2
go: downloading github.com/go-stack/stack v1.8.0
go: extracting github.com/go-stack/stack v1.8.0
go: downloading github.com/xdg/scram v0.0.0-20180814205039-7eeb5667e42c
go: downloading github.com/xdg/stringprep v1.0.1-0.20180714160509-73f8eece6fdc
go: extracting cloud.google.com/go v0.41.1-0.20190715155837-570ba224802b
go: extracting github.com/xdg/scram v0.0.0-20180814205039-7eeb5667e42c
go: extracting github.com/aws/aws-sdk-go v1.23.18
go: extracting github.com/xdg/stringprep v1.0.1-0.20180714160509-73f8eece6fdc
go: extracting google.golang.org/api v0.10.0
go: downloading go.opencensus.io v0.22.1-0.20190713072201-b4a14686f0a9
go: downloading google.golang.org/grpc v1.21.1
go: downloading github.com/googleapis/gax-go/v2 v2.0.5
go: downloading github.com/jmespath/go-jmespath v0.0.0-20180206201540-c2b33e8439af
go: extracting github.com/googleapis/gax-go/v2 v2.0.5
go: extracting go.opencensus.io v0.22.1-0.20190713072201-b4a14686f0a9
go: extracting github.com/jmespath/go-jmespath v0.0.0-20180206201540-c2b33e8439af
go: downloading github.com/hashicorp/golang-lru v0.5.2-0.20190520140433-59383c442f7d
go: extracting google.golang.org/grpc v1.21.1
go: extracting github.com/hashicorp/golang-lru v0.5.2-0.20190520140433-59383c442f7d
go: downloading google.golang.org/genproto v0.0.0-20190708153700-3bdd9d9f5532
go: extracting google.golang.org/genproto v0.0.0-20190708153700-3bdd9d9f5532
go: finding github.com/cgrates/rpcclient v0.0.0-20200107134035-188454eb71b3
go: finding github.com/antchfx/xmlquery v1.0.1-0.20190615060324-ebb6e8b1d119
go: finding github.com/cenkalti/rpc2 v0.0.0-20180727162946-9642ea02d0aa
go: finding github.com/cgrates/ltcache v0.0.0-20181016092649-92fb7fa77cca
go: finding github.com/cgrates/aringo v0.0.0-20181115151919-f996da7890ea
go: finding github.com/fsnotify/fsnotify v1.4.8-0.20190312181446-1485a34d5d57
go: finding github.com/antchfx/xpath v1.0.1-0.20190715042825-b6dbe470e102
go: finding golang.org/x/net v0.0.0-20190909003024-a7b16738d86b
go: finding github.com/aws/aws-sdk-go v1.23.18
go: finding github.com/cenkalti/hub v1.0.1-0.20160527103212-11382a9960d3
go: finding golang.org/x/sys v0.0.0-20190904154756-749cb33beabd
go: finding github.com/cgrates/fsock v0.0.0-20190623100231-317895b42f1a
go: finding github.com/nyaruka/phonenumbers v1.0.45
go: finding github.com/cgrates/kamevapi v0.0.0-20191001125829-7dbc3ad58817
go: finding golang.org/x/text v0.3.2
go: finding github.com/golang/protobuf v1.3.2
go: finding github.com/cgrates/radigo v0.0.0-20200102144505-ef98592ff532
go: finding github.com/fiorix/go-diameter v3.0.3-0.20190716165154-f4823472d0e0+incompatible
go: finding github.com/jmespath/go-jmespath v0.0.0-20180206201540-c2b33e8439af
go: finding github.com/go-sql-driver/mysql v1.4.1
go: finding github.com/miekg/dns v1.1.17
go: finding github.com/creack/pty v1.1.7
go: finding github.com/jinzhu/gorm v1.9.10
go: finding github.com/gorhill/cronexpr v0.0.0-20180427100037-88b0669f7d75
go: finding github.com/lib/pq v1.2.0
go: finding github.com/segmentio/kafka-go v0.3.3
go: finding github.com/jinzhu/inflection v1.0.0
go: finding github.com/mediocregopher/radix.v2 v0.0.0-20181115013041-b67df6e626f9
go: finding github.com/ishidawataru/sctp v0.0.0-20180918013207-6e2cb1366111
go: finding github.com/mitchellh/mapstructure v1.1.2
go: finding github.com/streadway/amqp v0.0.0-20190827072141-edfb9018d271
go: finding github.com/ugorji/go v0.0.0-20171112025056-5a66da2e74af
go: finding go.mongodb.org/mongo-driver v1.1.1
go: finding github.com/go-stack/stack v1.8.0
go: finding golang.org/x/oauth2 v0.0.0-20190604053449-0f29369cfe45
go: finding github.com/golang/snappy v0.0.1
go: finding google.golang.org/api v0.10.0
go: finding golang.org/x/crypto v0.0.0-20190829043050-9756ffdc2472
go: finding github.com/xdg/scram v0.0.0-20180814205039-7eeb5667e42c
go: finding cloud.google.com/go v0.41.1-0.20190715155837-570ba224802b
go: finding go.opencensus.io v0.22.1-0.20190713072201-b4a14686f0a9
go: finding github.com/xdg/stringprep v1.0.1-0.20180714160509-73f8eece6fdc
go: finding google.golang.org/grpc v1.21.1
go: finding github.com/googleapis/gax-go/v2 v2.0.5
go: finding golang.org/x/sync v0.0.0-20190423024810-112230192c58
go: finding pack.ag/amqp v0.12.2
go: finding github.com/hashicorp/golang-lru v0.5.2-0.20190520140433-59383c442f7d
go: finding google.golang.org/genproto v0.0.0-20190708153700-3bdd9d9f5532
go: downloading github.com/peterh/liner v1.1.1-0.20190305032635-6f820f8f90ce
go: extracting github.com/peterh/liner v1.1.1-0.20190305032635-6f820f8f90ce
go: downloading github.com/mattn/go-runewidth v0.0.5-0.20181218000649-703b5e6b11ae
go: extracting github.com/mattn/go-runewidth v0.0.5-0.20181218000649-703b5e6b11ae
go: finding github.com/peterh/liner v1.1.1-0.20190305032635-6f820f8f90ce
go: finding github.com/mattn/go-runewidth v0.0.5-0.20181218000649-703b5e6b11ae
Removing intermediate container d993a97fe282
 ---> 10866aa80954
Step 14/26 : COPY build_static_go.sh /root/code/src/github.com/cgrates/cgrates/build_static_go.sh
 ---> 3977ca4ef5c4
Step 15/26 : RUN mkdir $GOROOT/bin/static; cd /root/code/src/github.com/cgrates/cgrates; GOROOT=/root/go GOPATH=/root/code PATH=$GOROOT/bin:$GOPATH/bin:$PATH ./build_static_go.sh
 ---> Running in c6eff1b85b98
Building CGRateS static...
Removing intermediate container c6eff1b85b98
 ---> dbbfc788e2ef
Step 16/26 : RUN ln -s /root/code/bin/cgr-engine /usr/bin/
 ---> Running in 7f536655c811
Removing intermediate container 7f536655c811
 ---> e41efed25ce4
Step 17/26 : RUN ln -s /root/code/bin/cgr-loader /usr/bin/
 ---> Running in 90ea73f40c52
Removing intermediate container 90ea73f40c52
 ---> da9867f189ab
Step 18/26 : RUN ln -s /root/code/bin/cgr-console /usr/bin/
 ---> Running in 93d4e938b09e
Removing intermediate container 93d4e938b09e
 ---> bfacdedd001d
Step 19/26 : RUN ln -s /root/code/bin/cgr-migrator /usr/bin/
 ---> Running in 09e50b666e5e
Removing intermediate container 09e50b666e5e
 ---> 2b315ffd8923
Step 20/26 : RUN ln -s /root/code/bin/cgr-tester /usr/bin/
 ---> Running in 07016f887e55
Removing intermediate container 07016f887e55
 ---> 2f3df9ddd442
Step 21/26 : RUN ln -s /root/code/src/github.com/cgrates/cgrates/data /usr/share/cgrates
 ---> Running in 0dcba85d1c69
Removing intermediate container 0dcba85d1c69
 ---> eb7b2d144dca
Step 22/26 : RUN apt-get clean && rm -rf /var/lib/apt/lists/* /tmp/* /var/tmp/*
 ---> Running in 04e9202550d8
Removing intermediate container 04e9202550d8
 ---> 13b433cc3906
Step 23/26 : RUN GOROOT=/root/go GOPATH=/root/code /root/go/bin/go version
 ---> Running in b821649700d3
go version go1.13.5 linux/amd64
Removing intermediate container b821649700d3
 ---> 3abd506efe2e
Step 24/26 : COPY ./start.sh /root
 ---> aec4b4aa26b2
Step 25/26 : RUN cat /root/start.sh
 ---> Running in 1ed9c46cb52b
#start.sh
# edit servers config files
sed -i 's/127.0.0.1/0.0.0.0/g' /etc/redis/redis.conf /etc/mysql/my.cnf
#echo 'host    all             all             0.0.0.0/32            md5'>>/etc/postgresql/9.4/main/pg_hba.conf

# Set the timezone.
if [ "$SET_CONTAINER_TIMEZONE" = "true" ]; then
    echo ${CONTAINER_TIMEZONE} >/etc/timezone && \
    ln -sf /usr/share/zoneinfo/${CONTAINER_TIMEZONE} /etc/localtime && \
    dpkg-reconfigure -f noninteractive tzdata
    echo "Container timezone set to: $CONTAINER_TIMEZONE"
else
    echo "Container timezone not modified"
fi

# start services
service rsyslog start
service mysql start
service redis-server start
#/root/code/bin/cgr-engine -config_dir /root/cgr/data/conf/samples/osips_training

# create a link to data dir
#ln -s /root/code/src/github.com/cgrates/cgrates/data /usr/share/cgrates
# create link to cgrates dir
#ln -s /root/code/src/github.com/cgrates/cgrates /root/cgr

#setup mysql
cd /usr/share/cgrates/storage/mysql && ./setup_cgr_db.sh root CGRateS.org
echo "Running migrator *set_versions"
cgr-migrator -stordb_passwd CGRateS.org -migrate=*set_versions -verbose
# setup postgres
#cd /usr/share/cgrates/storage/postgres && ./setup_cgr_db.sh

# create cgrates user for mongo
#mongo --eval 'db.createUser({"user":"cgrates", "pwd":"CGRateS.org", "roles":[{role: "userAdminAnyDatabase", db: "admin"}]})' admin

#env vars
#export GOROOT=/root/go; export GOPATH=/root/code; export PATH=$GOROOT/bin:$GOPATH/bin:$PATH

# build and install cgrates
#cd /root/cgr
#glide -y devel.yaml install
#./build.sh

# create cgr-engine and cgr-loader link
#ln -s /root/code/bin/cgr-engine /usr/bin/
#ln -s /root/code/bin/cgr-loader /usr/bin/

# expand freeswitch conf
#cd /usr/share/cgrates/tutorials/fs_evsock/freeswitch/etc/ && tar xzf freeswitch_conf.tar.gz

#cd /root/.oh-my-zsh; git pull

cd /root/cgr
echo "for cgradmin run: cgr-engine -config_dir data/conf/samples/cgradmin"
echo 'export GOROOT=/root/go; export GOPATH=/root/code; export PATH=$GOROOT/bin:$GOPATH/bin:$PATH'>>/root/.zshrc

bash
#DISABLE_AUTO_UPDATE="true" zsh

Removing intermediate container 1ed9c46cb52b
 ---> fedc7ff59f79
Step 26/26 : CMD /root/start.sh
 ---> Running in 83269d2c35e2
Removing intermediate container 83269d2c35e2
 ---> 07104cc140f1
Successfully built 07104cc140f1
Successfully tagged cgrates-devel:latest
IMG="cgrates-devel:f4f0bacaba38"
Finished building devel docker CGRateS@v0.9.1~rc8-20200115160630-f4f0bacaba38 Tag:f4f0bacaba38
Building CGRateS Minimal Dockers...
IMG="cgr-engine:f4f0bacaba38"
Sending build context to Docker daemon  364.9MB
Step 1/5 : FROM scratch
 ---> 
Step 2/5 : MAINTAINER Michael Klimenko, mklimenko@golantelecom.co.il
 ---> Using cache
 ---> 367f37c7e3e8
Step 3/5 : COPY /bin/cgr-engine /usr/bin/cgr-engine
 ---> f39f603d34d5
Step 4/5 : ENTRYPOINT ["/usr/bin/cgr-engine"]
 ---> Running in 88b92117078d
Removing intermediate container 88b92117078d
 ---> 9e0294f58d8f
Step 5/5 : CMD ["--logger=*stdout","--log_level=7"]
 ---> Running in 91df503ae925
Removing intermediate container 91df503ae925
 ---> 7d94b9baf4fb
Successfully built 7d94b9baf4fb
Successfully tagged cgr-engine:f4f0bacaba38
WARNING! Using --password via the CLI is insecure. Use --password-stdin.
WARNING! Your password will be stored unencrypted in /home/golan/.docker/config.json.
Configure a credential helper to remove this warning. See
https://docs.docker.com/engine/reference/commandline/login/#credentials-store

Login Succeeded
The push refers to repository [gitlab-ptk.gt.local:5005/cgr-engine]
b7a3751246a3: Pushed 
f4f0bacaba38: digest: sha256:1e80c235a0c297f60e6b916b93d9c034e02b57960c9998bd336a22ee731d1fe5 size: 529
IMG="cgr-migrator:f4f0bacaba38"
Sending build context to Docker daemon  364.9MB
Step 1/5 : FROM scratch
 ---> 
Step 2/5 : MAINTAINER Michael Klimenko, mklimenko@golantelecom.co.il
 ---> Using cache
 ---> 367f37c7e3e8
Step 3/5 : COPY /bin/cgr-migrator /usr/bin/cgr-migrator
 ---> a6851ac5e7f9
Step 4/5 : ENTRYPOINT ["/usr/bin/cgr-migrator"]
 ---> Running in 7adfe5efd587
Removing intermediate container 7adfe5efd587
 ---> cdcf7443ec9e
Step 5/5 : CMD ["-migrate=*set_versions","-verbose"]
 ---> Running in 00aa16415101
Removing intermediate container 00aa16415101
 ---> 90347f40c977
Successfully built 90347f40c977
Successfully tagged cgr-migrator:f4f0bacaba38
WARNING! Using --password via the CLI is insecure. Use --password-stdin.
WARNING! Your password will be stored unencrypted in /home/golan/.docker/config.json.
Configure a credential helper to remove this warning. See
https://docs.docker.com/engine/reference/commandline/login/#credentials-store

Login Succeeded
The push refers to repository [gitlab-ptk.gt.local:5005/cgr-migrator]
4b0e1a4854f1: Pushed 
f4f0bacaba38: digest: sha256:c27978fdede3178a8f45f41d2f5a2f7cba56015ae706bcde1ef9e43dd63ee287 size: 529
IMG="cgr-loader:f4f0bacaba38"
Sending build context to Docker daemon  364.9MB
Step 1/4 : FROM scratch
 ---> 
Step 2/4 : MAINTAINER Michael Klimenko, mklimenko@golantelecom.co.il
 ---> Using cache
 ---> 367f37c7e3e8
Step 3/4 : COPY /bin/cgr-loader /usr/bin/cgr-loader
 ---> 18a2e5130c51
Step 4/4 : ENTRYPOINT ["/usr/bin/cgr-loader"]
 ---> Running in d049b6cbf9de
Removing intermediate container d049b6cbf9de
 ---> c99ead8ef46c
Successfully built c99ead8ef46c
Successfully tagged cgr-loader:f4f0bacaba38
WARNING! Using --password via the CLI is insecure. Use --password-stdin.
WARNING! Your password will be stored unencrypted in /home/golan/.docker/config.json.
Configure a credential helper to remove this warning. See
https://docs.docker.com/engine/reference/commandline/login/#credentials-store

Login Succeeded
The push refers to repository [gitlab-ptk.gt.local:5005/cgr-loader]
6b84567efd96: Pushed 
f4f0bacaba38: digest: sha256:c7563f83a8444d1a97303f150832bc172a321609a38f751548767241e3e954b1 size: 529
IMG="cgr-console:f4f0bacaba38"
Sending build context to Docker daemon  364.9MB
Step 1/4 : FROM scratch
 ---> 
Step 2/4 : MAINTAINER Michael Klimenko, mklimenko@golantelecom.co.il
 ---> Using cache
 ---> 367f37c7e3e8
Step 3/4 : COPY /bin/cgr-console /usr/bin/cgr-console
 ---> 6a12c4d12aa1
Step 4/4 : ENTRYPOINT ["/usr/bin/cgr-console"]
 ---> Running in ac47a4a85b89
Removing intermediate container ac47a4a85b89
 ---> 05e1919f5273
Successfully built 05e1919f5273
Successfully tagged cgr-console:f4f0bacaba38
WARNING! Using --password via the CLI is insecure. Use --password-stdin.
WARNING! Your password will be stored unencrypted in /home/golan/.docker/config.json.
Configure a credential helper to remove this warning. See
https://docs.docker.com/engine/reference/commandline/login/#credentials-store

Login Succeeded
The push refers to repository [gitlab-ptk.gt.local:5005/cgr-console]
276b5b311e94: Pushed 
f4f0bacaba38: digest: sha256:56a559c3e1e631b87062fb92dbdf79af1609563772bf83f73842e50ffd94aaac size: 529
IMG="cgr-tester:f4f0bacaba38"
Sending build context to Docker daemon  364.9MB
Step 1/4 : FROM scratch
 ---> 
Step 2/4 : MAINTAINER Michael Klimenko, mklimenko@golantelecom.co.il
 ---> Using cache
 ---> 367f37c7e3e8
Step 3/4 : COPY /bin/cgr-tester /usr/bin/cgr-tester
 ---> 9a4bf23c3bf4
Step 4/4 : ENTRYPOINT ["/usr/bin/cgr-tester"]
 ---> Running in a21a8de07f45
Removing intermediate container a21a8de07f45
 ---> cf04ffda03d1
Successfully built cf04ffda03d1
Successfully tagged cgr-tester:f4f0bacaba38
WARNING! Using --password via the CLI is insecure. Use --password-stdin.
WARNING! Your password will be stored unencrypted in /home/golan/.docker/config.json.
Configure a credential helper to remove this warning. See
https://docs.docker.com/engine/reference/commandline/login/#credentials-store

Login Succeeded
The push refers to repository [gitlab-ptk.gt.local:5005/cgr-tester]
1df0889efa1c: Pushed 
f4f0bacaba38: digest: sha256:08cb1f7633b1f5415baa67a109b01739c9eda5f3d96e2bd4b3e69c803b82a664 size: 529
Finished building cgr dockers
cat: CGRATES_VERSION_TAG: No such file or directory
[IntegrationConfigs 5927972] update version
 2 files changed, 2 insertions(+), 1 deletion(-)
Counting objects: 5, done.
Delta compression using up to 2 threads.
Compressing objects: 100% (3/3), done.
Writing objects: 100% (5/5), 433 bytes | 0 bytes/s, done.
Total 5 (delta 2), reused 0 (delta 0)
remote: 
remote: To create a merge request for IntegrationConfigs, visit:
remote:   http://gitlab-ptk.gt.local/Golan/cgrates_docker/merge_requests/new?merge_request%5Bsource_branch%5D=IntegrationConfigs
remote: 
To git@gitlab-ptk.gt.local:Golan/cgrates_docker.git
   ba8bbe5..5927972  IntegrationConfigs -> IntegrationConfigs
Branch IntegrationConfigs set up to track remote branch IntegrationConfigs from origin.